[2022-11-30T11:16:16.851+0000] {taskinstance.py:1165} INFO - Dependencies all met for <TaskInstance: pratice_pg.download_file manual__2022-11-30T11:16:15.220508+00:00 [queued]>
[2022-11-30T11:16:16.858+0000] {taskinstance.py:1165} INFO - Dependencies all met for <TaskInstance: pratice_pg.download_file manual__2022-11-30T11:16:15.220508+00:00 [queued]>
[2022-11-30T11:16:16.858+0000] {taskinstance.py:1362} INFO - 
--------------------------------------------------------------------------------
[2022-11-30T11:16:16.858+0000] {taskinstance.py:1363} INFO - Starting attempt 1 of 1
[2022-11-30T11:16:16.858+0000] {taskinstance.py:1364} INFO - 
--------------------------------------------------------------------------------
[2022-11-30T11:16:16.866+0000] {taskinstance.py:1383} INFO - Executing <Task(BashOperator): download_file> on 2022-11-30 11:16:15.220508+00:00
[2022-11-30T11:16:16.870+0000] {standard_task_runner.py:55} INFO - Started process 71 to run task
[2022-11-30T11:16:16.872+0000] {standard_task_runner.py:82} INFO - Running: ['***', 'tasks', 'run', 'pratice_pg', 'download_file', 'manual__2022-11-30T11:16:15.220508+00:00', '--job-id', '737', '--raw', '--subdir', 'DAGS_FOLDER/practice_pg.py', '--cfg-path', '/tmp/tmpgfqsu0pz']
[2022-11-30T11:16:16.873+0000] {standard_task_runner.py:83} INFO - Job 737: Subtask download_file
[2022-11-30T11:16:16.917+0000] {task_command.py:376} INFO - Running <TaskInstance: pratice_pg.download_file manual__2022-11-30T11:16:15.220508+00:00 [running]> on host 39d0f50fcfa4
[2022-11-30T11:16:16.981+0000] {taskinstance.py:1592} INFO - Exporting the following env vars:
AIRFLOW_CTX_DAG_OWNER=***
AIRFLOW_CTX_DAG_ID=pratice_pg
AIRFLOW_CTX_TASK_ID=download_file
AIRFLOW_CTX_EXECUTION_DATE=2022-11-30T11:16:15.220508+00:00
AIRFLOW_CTX_TRY_NUMBER=1
AIRFLOW_CTX_DAG_RUN_ID=manual__2022-11-30T11:16:15.220508+00:00
[2022-11-30T11:16:16.982+0000] {subprocess.py:63} INFO - Tmp dir root location: 
 /tmp
[2022-11-30T11:16:16.982+0000] {subprocess.py:75} INFO - Running command: ['/bin/bash', '-c', 'curl https://people.sc.fsu.edu/~jburkardt/data/csv/snakes_count_100.csv --output /tmp/prcatice_file.csv']
[2022-11-30T11:16:16.994+0000] {subprocess.py:86} INFO - Output:
[2022-11-30T11:16:17.001+0000] {subprocess.py:93} INFO -   % Total    % Received % Xferd  Average Speed   Time    Time     Time  Current
[2022-11-30T11:16:17.001+0000] {subprocess.py:93} INFO -                                  Dload  Upload   Total   Spent    Left  Speed
[2022-11-30T11:16:18.129+0000] {subprocess.py:93} INFO -   0     0    0     0    0     0      0      0 --:--:-- --:--:-- --:--:--     0  0     0    0     0    0     0      0      0 --:--:-- --:--:-- --:--:--     0100   723  100   723    0     0    640      0  0:00:01  0:00:01 --:--:--   640
[2022-11-30T11:16:18.131+0000] {subprocess.py:97} INFO - Command exited with return code 0
[2022-11-30T11:16:18.153+0000] {taskinstance.py:1406} INFO - Marking task as SUCCESS. dag_id=pratice_pg, task_id=download_file, execution_date=20221130T111615, start_date=20221130T111616, end_date=20221130T111618
[2022-11-30T11:16:18.214+0000] {local_task_job.py:159} INFO - Task exited with return code 0
[2022-11-30T11:16:18.233+0000] {taskinstance.py:2623} INFO - 1 downstream tasks scheduled from follow-on schedule check
