[2022-11-30T07:02:19.314+0000] {taskinstance.py:1165} INFO - Dependencies all met for <TaskInstance: first_dag.hello scheduled__2022-09-05T00:00:00+00:00 [queued]>
[2022-11-30T07:02:19.320+0000] {taskinstance.py:1165} INFO - Dependencies all met for <TaskInstance: first_dag.hello scheduled__2022-09-05T00:00:00+00:00 [queued]>
[2022-11-30T07:02:19.320+0000] {taskinstance.py:1362} INFO - 
--------------------------------------------------------------------------------
[2022-11-30T07:02:19.320+0000] {taskinstance.py:1363} INFO - Starting attempt 1 of 1
[2022-11-30T07:02:19.320+0000] {taskinstance.py:1364} INFO - 
--------------------------------------------------------------------------------
[2022-11-30T07:02:19.332+0000] {taskinstance.py:1383} INFO - Executing <Task(BashOperator): hello> on 2022-09-05 00:00:00+00:00
[2022-11-30T07:02:19.335+0000] {standard_task_runner.py:55} INFO - Started process 1981 to run task
[2022-11-30T07:02:19.337+0000] {standard_task_runner.py:82} INFO - Running: ['***', 'tasks', 'run', 'first_dag', 'hello', 'scheduled__2022-09-05T00:00:00+00:00', '--job-id', '504', '--raw', '--subdir', 'DAGS_FOLDER/first_dag.py', '--cfg-path', '/tmp/tmpbha6oxbp']
[2022-11-30T07:02:19.337+0000] {standard_task_runner.py:83} INFO - Job 504: Subtask hello
[2022-11-30T07:02:19.446+0000] {task_command.py:376} INFO - Running <TaskInstance: first_dag.hello scheduled__2022-09-05T00:00:00+00:00 [running]> on host 733208eb192a
[2022-11-30T07:02:19.540+0000] {taskinstance.py:1592} INFO - Exporting the following env vars:
AIRFLOW_CTX_DAG_OWNER=***
AIRFLOW_CTX_DAG_ID=first_dag
AIRFLOW_CTX_TASK_ID=hello
AIRFLOW_CTX_EXECUTION_DATE=2022-09-05T00:00:00+00:00
AIRFLOW_CTX_TRY_NUMBER=1
AIRFLOW_CTX_DAG_RUN_ID=scheduled__2022-09-05T00:00:00+00:00
[2022-11-30T07:02:19.541+0000] {subprocess.py:63} INFO - Tmp dir root location: 
 /tmp
[2022-11-30T07:02:19.541+0000] {subprocess.py:75} INFO - Running command: ['/bin/bash', '-c', 'echo hello']
[2022-11-30T07:02:19.558+0000] {subprocess.py:86} INFO - Output:
[2022-11-30T07:02:19.560+0000] {subprocess.py:93} INFO - hello
[2022-11-30T07:02:19.562+0000] {subprocess.py:97} INFO - Command exited with return code 0
[2022-11-30T07:02:19.594+0000] {taskinstance.py:1406} INFO - Marking task as SUCCESS. dag_id=first_dag, task_id=hello, execution_date=20220905T000000, start_date=20221130T070219, end_date=20221130T070219
[2022-11-30T07:02:19.636+0000] {local_task_job.py:159} INFO - Task exited with return code 0
[2022-11-30T07:02:19.673+0000] {taskinstance.py:2623} INFO - 1 downstream tasks scheduled from follow-on schedule check
