[2022-11-30T11:38:42.364+0000] {taskinstance.py:1165} INFO - Dependencies all met for <TaskInstance: pratice_pg.processing manual__2022-11-30T11:38:36.752309+00:00 [queued]>
[2022-11-30T11:38:42.370+0000] {taskinstance.py:1165} INFO - Dependencies all met for <TaskInstance: pratice_pg.processing manual__2022-11-30T11:38:36.752309+00:00 [queued]>
[2022-11-30T11:38:42.371+0000] {taskinstance.py:1362} INFO - 
--------------------------------------------------------------------------------
[2022-11-30T11:38:42.371+0000] {taskinstance.py:1363} INFO - Starting attempt 1 of 1
[2022-11-30T11:38:42.371+0000] {taskinstance.py:1364} INFO - 
--------------------------------------------------------------------------------
[2022-11-30T11:38:42.377+0000] {taskinstance.py:1383} INFO - Executing <Task(_PythonDecoratedOperator): processing> on 2022-11-30 11:38:36.752309+00:00
[2022-11-30T11:38:42.380+0000] {standard_task_runner.py:55} INFO - Started process 1023 to run task
[2022-11-30T11:38:42.383+0000] {standard_task_runner.py:82} INFO - Running: ['***', 'tasks', 'run', 'pratice_pg', 'processing', 'manual__2022-11-30T11:38:36.752309+00:00', '--job-id', '757', '--raw', '--subdir', 'DAGS_FOLDER/practice_pg.py', '--cfg-path', '/tmp/tmp34a1wgcg']
[2022-11-30T11:38:42.384+0000] {standard_task_runner.py:83} INFO - Job 757: Subtask processing
[2022-11-30T11:38:42.421+0000] {task_command.py:376} INFO - Running <TaskInstance: pratice_pg.processing manual__2022-11-30T11:38:36.752309+00:00 [running]> on host 39d0f50fcfa4
[2022-11-30T11:38:42.459+0000] {taskinstance.py:1592} INFO - Exporting the following env vars:
AIRFLOW_CTX_DAG_OWNER=***
AIRFLOW_CTX_DAG_ID=pratice_pg
AIRFLOW_CTX_TASK_ID=processing
AIRFLOW_CTX_EXECUTION_DATE=2022-11-30T11:38:36.752309+00:00
AIRFLOW_CTX_TRY_NUMBER=1
AIRFLOW_CTX_DAG_RUN_ID=manual__2022-11-30T11:38:36.752309+00:00
[2022-11-30T11:38:42.464+0000] {base.py:71} INFO - Using connection ID 'pgdb' for task execution.
[2022-11-30T11:38:42.563+0000] {base.py:71} INFO - Using connection ID 'pgdb' for task execution.
[2022-11-30T11:38:42.578+0000] {python.py:177} INFO - Done. Returned value was: None
[2022-11-30T11:38:42.583+0000] {taskinstance.py:1406} INFO - Marking task as SUCCESS. dag_id=pratice_pg, task_id=processing, execution_date=20221130T113836, start_date=20221130T113842, end_date=20221130T113842
[2022-11-30T11:38:42.636+0000] {local_task_job.py:159} INFO - Task exited with return code 0
[2022-11-30T11:38:42.652+0000] {taskinstance.py:2623} INFO - 1 downstream tasks scheduled from follow-on schedule check
