[2022-11-30T08:11:08.700+0000] {taskinstance.py:1165} INFO - Dependencies all met for <TaskInstance: _prcatice.move_file manual__2022-11-30T08:11:05.125490+00:00 [queued]>
[2022-11-30T08:11:08.709+0000] {taskinstance.py:1165} INFO - Dependencies all met for <TaskInstance: _prcatice.move_file manual__2022-11-30T08:11:05.125490+00:00 [queued]>
[2022-11-30T08:11:08.709+0000] {taskinstance.py:1362} INFO - 
--------------------------------------------------------------------------------
[2022-11-30T08:11:08.709+0000] {taskinstance.py:1363} INFO - Starting attempt 1 of 1
[2022-11-30T08:11:08.709+0000] {taskinstance.py:1364} INFO - 
--------------------------------------------------------------------------------
[2022-11-30T08:11:08.718+0000] {taskinstance.py:1383} INFO - Executing <Task(BashOperator): move_file> on 2022-11-30 08:11:05.125490+00:00
[2022-11-30T08:11:08.720+0000] {standard_task_runner.py:55} INFO - Started process 1877 to run task
[2022-11-30T08:11:08.723+0000] {standard_task_runner.py:82} INFO - Running: ['***', 'tasks', 'run', '_prcatice', 'move_file', 'manual__2022-11-30T08:11:05.125490+00:00', '--job-id', '690', '--raw', '--subdir', 'DAGS_FOLDER/practice.py', '--cfg-path', '/tmp/tmpwg5etttl']
[2022-11-30T08:11:08.723+0000] {standard_task_runner.py:83} INFO - Job 690: Subtask move_file
[2022-11-30T08:11:08.762+0000] {task_command.py:376} INFO - Running <TaskInstance: _prcatice.move_file manual__2022-11-30T08:11:05.125490+00:00 [running]> on host 0fcad1446026
[2022-11-30T08:11:08.802+0000] {taskinstance.py:1592} INFO - Exporting the following env vars:
AIRFLOW_CTX_DAG_OWNER=***
AIRFLOW_CTX_DAG_ID=_prcatice
AIRFLOW_CTX_TASK_ID=move_file
AIRFLOW_CTX_EXECUTION_DATE=2022-11-30T08:11:05.125490+00:00
AIRFLOW_CTX_TRY_NUMBER=1
AIRFLOW_CTX_DAG_RUN_ID=manual__2022-11-30T08:11:05.125490+00:00
[2022-11-30T08:11:08.803+0000] {subprocess.py:63} INFO - Tmp dir root location: 
 /tmp
[2022-11-30T08:11:08.803+0000] {subprocess.py:75} INFO - Running command: ['/bin/bash', '-c', 'mv /tmp/prcatice_file.csv /opt/***/dags/result.csv']
[2022-11-30T08:11:08.809+0000] {subprocess.py:86} INFO - Output:
[2022-11-30T08:11:08.811+0000] {subprocess.py:97} INFO - Command exited with return code 0
[2022-11-30T08:11:08.826+0000] {taskinstance.py:1406} INFO - Marking task as SUCCESS. dag_id=_prcatice, task_id=move_file, execution_date=20221130T081105, start_date=20221130T081108, end_date=20221130T081108
[2022-11-30T08:11:08.857+0000] {local_task_job.py:159} INFO - Task exited with return code 0
[2022-11-30T08:11:08.870+0000] {taskinstance.py:2623} INFO - 1 downstream tasks scheduled from follow-on schedule check
