[2022-11-30T10:42:11.833+0000] {taskinstance.py:1165} INFO - Dependencies all met for <TaskInstance: pratice_pg.etl_task manual__2022-11-30T10:42:06.368193+00:00 [queued]>
[2022-11-30T10:42:11.839+0000] {taskinstance.py:1165} INFO - Dependencies all met for <TaskInstance: pratice_pg.etl_task manual__2022-11-30T10:42:06.368193+00:00 [queued]>
[2022-11-30T10:42:11.839+0000] {taskinstance.py:1362} INFO - 
--------------------------------------------------------------------------------
[2022-11-30T10:42:11.839+0000] {taskinstance.py:1363} INFO - Starting attempt 1 of 1
[2022-11-30T10:42:11.839+0000] {taskinstance.py:1364} INFO - 
--------------------------------------------------------------------------------
[2022-11-30T10:42:11.846+0000] {taskinstance.py:1383} INFO - Executing <Task(PostgresOperator): etl_task> on 2022-11-30 10:42:06.368193+00:00
[2022-11-30T10:42:11.849+0000] {standard_task_runner.py:55} INFO - Started process 196 to run task
[2022-11-30T10:42:11.851+0000] {standard_task_runner.py:82} INFO - Running: ['***', 'tasks', 'run', 'pratice_pg', 'etl_task', 'manual__2022-11-30T10:42:06.368193+00:00', '--job-id', '728', '--raw', '--subdir', 'DAGS_FOLDER/practice_pg.py', '--cfg-path', '/tmp/tmp72xc_cm7']
[2022-11-30T10:42:11.853+0000] {standard_task_runner.py:83} INFO - Job 728: Subtask etl_task
[2022-11-30T10:42:11.887+0000] {task_command.py:376} INFO - Running <TaskInstance: pratice_pg.etl_task manual__2022-11-30T10:42:06.368193+00:00 [running]> on host 481f60569de1
[2022-11-30T10:42:11.922+0000] {taskinstance.py:1592} INFO - Exporting the following env vars:
AIRFLOW_CTX_DAG_OWNER=***
AIRFLOW_CTX_DAG_ID=pratice_pg
AIRFLOW_CTX_TASK_ID=etl_task
AIRFLOW_CTX_EXECUTION_DATE=2022-11-30T10:42:06.368193+00:00
AIRFLOW_CTX_TRY_NUMBER=1
AIRFLOW_CTX_DAG_RUN_ID=manual__2022-11-30T10:42:06.368193+00:00
[2022-11-30T10:42:11.927+0000] {base.py:71} INFO - Using connection ID 'pgdb' for task execution.
[2022-11-30T10:42:11.929+0000] {sql.py:315} INFO - Running statement: CREATE TABLE if not exists practice_etl (game_number integer PRIMARY KEY, game_length integer NOT NULL, game_length_ratio numeric NOT NULL);
        TRUNCATE practice_etl;
        INSERT INTO practice_etl SELECT game_number, game_length, game_length/(SELECT MAX(game_length)::numeric from practice) from practice;, parameters: None
[2022-11-30T10:42:11.935+0000] {sql.py:324} INFO - Rows affected: 100
[2022-11-30T10:42:11.941+0000] {taskinstance.py:1406} INFO - Marking task as SUCCESS. dag_id=pratice_pg, task_id=etl_task, execution_date=20221130T104206, start_date=20221130T104211, end_date=20221130T104211
[2022-11-30T10:42:11.986+0000] {local_task_job.py:159} INFO - Task exited with return code 0
[2022-11-30T10:42:12.002+0000] {taskinstance.py:2623} INFO - 1 downstream tasks scheduled from follow-on schedule check
