[2022-11-30T07:02:08.058+0000] {taskinstance.py:1165} INFO - Dependencies all met for <TaskInstance: first_dag.hello scheduled__2022-08-19T00:00:00+00:00 [queued]>
[2022-11-30T07:02:08.073+0000] {taskinstance.py:1165} INFO - Dependencies all met for <TaskInstance: first_dag.hello scheduled__2022-08-19T00:00:00+00:00 [queued]>
[2022-11-30T07:02:08.074+0000] {taskinstance.py:1362} INFO - 
--------------------------------------------------------------------------------
[2022-11-30T07:02:08.074+0000] {taskinstance.py:1363} INFO - Starting attempt 1 of 1
[2022-11-30T07:02:08.074+0000] {taskinstance.py:1364} INFO - 
--------------------------------------------------------------------------------
[2022-11-30T07:02:08.104+0000] {taskinstance.py:1383} INFO - Executing <Task(BashOperator): hello> on 2022-08-19 00:00:00+00:00
[2022-11-30T07:02:08.107+0000] {standard_task_runner.py:55} INFO - Started process 1880 to run task
[2022-11-30T07:02:08.110+0000] {standard_task_runner.py:82} INFO - Running: ['***', 'tasks', 'run', 'first_dag', 'hello', 'scheduled__2022-08-19T00:00:00+00:00', '--job-id', '467', '--raw', '--subdir', 'DAGS_FOLDER/first_dag.py', '--cfg-path', '/tmp/tmpwx0pwxbw']
[2022-11-30T07:02:08.110+0000] {standard_task_runner.py:83} INFO - Job 467: Subtask hello
[2022-11-30T07:02:08.233+0000] {task_command.py:376} INFO - Running <TaskInstance: first_dag.hello scheduled__2022-08-19T00:00:00+00:00 [running]> on host 733208eb192a
[2022-11-30T07:02:08.423+0000] {taskinstance.py:1592} INFO - Exporting the following env vars:
AIRFLOW_CTX_DAG_OWNER=***
AIRFLOW_CTX_DAG_ID=first_dag
AIRFLOW_CTX_TASK_ID=hello
AIRFLOW_CTX_EXECUTION_DATE=2022-08-19T00:00:00+00:00
AIRFLOW_CTX_TRY_NUMBER=1
AIRFLOW_CTX_DAG_RUN_ID=scheduled__2022-08-19T00:00:00+00:00
[2022-11-30T07:02:08.424+0000] {subprocess.py:63} INFO - Tmp dir root location: 
 /tmp
[2022-11-30T07:02:08.424+0000] {subprocess.py:75} INFO - Running command: ['/bin/bash', '-c', 'echo hello']
[2022-11-30T07:02:08.432+0000] {subprocess.py:86} INFO - Output:
[2022-11-30T07:02:08.439+0000] {subprocess.py:93} INFO - hello
[2022-11-30T07:02:08.439+0000] {subprocess.py:97} INFO - Command exited with return code 0
[2022-11-30T07:02:08.467+0000] {taskinstance.py:1406} INFO - Marking task as SUCCESS. dag_id=first_dag, task_id=hello, execution_date=20220819T000000, start_date=20221130T070208, end_date=20221130T070208
[2022-11-30T07:02:08.493+0000] {local_task_job.py:159} INFO - Task exited with return code 0
[2022-11-30T07:02:08.536+0000] {taskinstance.py:2623} INFO - 1 downstream tasks scheduled from follow-on schedule check
