[2022-11-30T07:01:54.505+0000] {taskinstance.py:1165} INFO - Dependencies all met for <TaskInstance: first_dag.hello scheduled__2022-07-27T00:00:00+00:00 [queued]>
[2022-11-30T07:01:54.555+0000] {taskinstance.py:1165} INFO - Dependencies all met for <TaskInstance: first_dag.hello scheduled__2022-07-27T00:00:00+00:00 [queued]>
[2022-11-30T07:01:54.555+0000] {taskinstance.py:1362} INFO - 
--------------------------------------------------------------------------------
[2022-11-30T07:01:54.555+0000] {taskinstance.py:1363} INFO - Starting attempt 1 of 1
[2022-11-30T07:01:54.555+0000] {taskinstance.py:1364} INFO - 
--------------------------------------------------------------------------------
[2022-11-30T07:01:54.587+0000] {taskinstance.py:1383} INFO - Executing <Task(BashOperator): hello> on 2022-07-27 00:00:00+00:00
[2022-11-30T07:01:54.598+0000] {standard_task_runner.py:55} INFO - Started process 1758 to run task
[2022-11-30T07:01:54.672+0000] {standard_task_runner.py:82} INFO - Running: ['***', 'tasks', 'run', 'first_dag', 'hello', 'scheduled__2022-07-27T00:00:00+00:00', '--job-id', '418', '--raw', '--subdir', 'DAGS_FOLDER/first_dag.py', '--cfg-path', '/tmp/tmpwwzq56fb']
[2022-11-30T07:01:54.672+0000] {standard_task_runner.py:83} INFO - Job 418: Subtask hello
[2022-11-30T07:01:55.006+0000] {task_command.py:376} INFO - Running <TaskInstance: first_dag.hello scheduled__2022-07-27T00:00:00+00:00 [running]> on host 733208eb192a
[2022-11-30T07:01:55.194+0000] {taskinstance.py:1592} INFO - Exporting the following env vars:
AIRFLOW_CTX_DAG_OWNER=***
AIRFLOW_CTX_DAG_ID=first_dag
AIRFLOW_CTX_TASK_ID=hello
AIRFLOW_CTX_EXECUTION_DATE=2022-07-27T00:00:00+00:00
AIRFLOW_CTX_TRY_NUMBER=1
AIRFLOW_CTX_DAG_RUN_ID=scheduled__2022-07-27T00:00:00+00:00
[2022-11-30T07:01:55.194+0000] {subprocess.py:63} INFO - Tmp dir root location: 
 /tmp
[2022-11-30T07:01:55.195+0000] {subprocess.py:75} INFO - Running command: ['/bin/bash', '-c', 'echo hello']
[2022-11-30T07:01:55.236+0000] {subprocess.py:86} INFO - Output:
[2022-11-30T07:01:55.245+0000] {subprocess.py:93} INFO - hello
[2022-11-30T07:01:55.245+0000] {subprocess.py:97} INFO - Command exited with return code 0
[2022-11-30T07:01:55.271+0000] {taskinstance.py:1406} INFO - Marking task as SUCCESS. dag_id=first_dag, task_id=hello, execution_date=20220727T000000, start_date=20221130T070154, end_date=20221130T070155
[2022-11-30T07:01:55.304+0000] {local_task_job.py:159} INFO - Task exited with return code 0
[2022-11-30T07:01:55.324+0000] {taskinstance.py:2623} INFO - 1 downstream tasks scheduled from follow-on schedule check
