[2022-11-30T08:09:36.962+0000] {taskinstance.py:1165} INFO - Dependencies all met for <TaskInstance: _prcatice.move_file manual__2022-11-30T08:09:32.190562+00:00 [queued]>
[2022-11-30T08:09:36.975+0000] {taskinstance.py:1165} INFO - Dependencies all met for <TaskInstance: _prcatice.move_file manual__2022-11-30T08:09:32.190562+00:00 [queued]>
[2022-11-30T08:09:36.975+0000] {taskinstance.py:1362} INFO - 
--------------------------------------------------------------------------------
[2022-11-30T08:09:36.975+0000] {taskinstance.py:1363} INFO - Starting attempt 1 of 1
[2022-11-30T08:09:36.975+0000] {taskinstance.py:1364} INFO - 
--------------------------------------------------------------------------------
[2022-11-30T08:09:36.986+0000] {taskinstance.py:1383} INFO - Executing <Task(BashOperator): move_file> on 2022-11-30 08:09:32.190562+00:00
[2022-11-30T08:09:36.989+0000] {standard_task_runner.py:55} INFO - Started process 1782 to run task
[2022-11-30T08:09:36.992+0000] {standard_task_runner.py:82} INFO - Running: ['***', 'tasks', 'run', '_prcatice', 'move_file', 'manual__2022-11-30T08:09:32.190562+00:00', '--job-id', '685', '--raw', '--subdir', 'DAGS_FOLDER/practice.py', '--cfg-path', '/tmp/tmprxhjlkvv']
[2022-11-30T08:09:36.992+0000] {standard_task_runner.py:83} INFO - Job 685: Subtask move_file
[2022-11-30T08:09:37.051+0000] {task_command.py:376} INFO - Running <TaskInstance: _prcatice.move_file manual__2022-11-30T08:09:32.190562+00:00 [running]> on host 0fcad1446026
[2022-11-30T08:09:37.107+0000] {taskinstance.py:1592} INFO - Exporting the following env vars:
AIRFLOW_CTX_DAG_OWNER=***
AIRFLOW_CTX_DAG_ID=_prcatice
AIRFLOW_CTX_TASK_ID=move_file
AIRFLOW_CTX_EXECUTION_DATE=2022-11-30T08:09:32.190562+00:00
AIRFLOW_CTX_TRY_NUMBER=1
AIRFLOW_CTX_DAG_RUN_ID=manual__2022-11-30T08:09:32.190562+00:00
[2022-11-30T08:09:37.108+0000] {subprocess.py:63} INFO - Tmp dir root location: 
 /tmp
[2022-11-30T08:09:37.108+0000] {subprocess.py:75} INFO - Running command: ['/bin/bash', '-c', 'mv /tmp/prcatice_file.csv /opt/***/dags/result.csv']
[2022-11-30T08:09:37.115+0000] {subprocess.py:86} INFO - Output:
[2022-11-30T08:09:37.170+0000] {subprocess.py:97} INFO - Command exited with return code 0
[2022-11-30T08:09:37.198+0000] {taskinstance.py:1406} INFO - Marking task as SUCCESS. dag_id=_prcatice, task_id=move_file, execution_date=20221130T080932, start_date=20221130T080936, end_date=20221130T080937
[2022-11-30T08:09:37.213+0000] {local_task_job.py:159} INFO - Task exited with return code 0
[2022-11-30T08:09:37.227+0000] {taskinstance.py:2623} INFO - 1 downstream tasks scheduled from follow-on schedule check
