[2022-11-29T12:18:09.019+0000] {taskinstance.py:1165} INFO - Dependencies all met for <TaskInstance: dataset_produces_1.producing_task_1 manual__2022-11-29T12:18:07.997880+00:00 [queued]>
[2022-11-29T12:18:09.028+0000] {taskinstance.py:1165} INFO - Dependencies all met for <TaskInstance: dataset_produces_1.producing_task_1 manual__2022-11-29T12:18:07.997880+00:00 [queued]>
[2022-11-29T12:18:09.028+0000] {taskinstance.py:1362} INFO - 
--------------------------------------------------------------------------------
[2022-11-29T12:18:09.028+0000] {taskinstance.py:1363} INFO - Starting attempt 1 of 1
[2022-11-29T12:18:09.028+0000] {taskinstance.py:1364} INFO - 
--------------------------------------------------------------------------------
[2022-11-29T12:18:09.038+0000] {taskinstance.py:1383} INFO - Executing <Task(BashOperator): producing_task_1> on 2022-11-29 12:18:07.997880+00:00
[2022-11-29T12:18:09.041+0000] {standard_task_runner.py:55} INFO - Started process 235 to run task
[2022-11-29T12:18:09.049+0000] {standard_task_runner.py:82} INFO - Running: ['***', 'tasks', 'run', 'dataset_produces_1', 'producing_task_1', 'manual__2022-11-29T12:18:07.997880+00:00', '--job-id', '5', '--raw', '--subdir', '/home/***/.local/lib/python3.7/site-packages/***/example_dags/example_datasets.py', '--cfg-path', '/tmp/tmpjhzz4f8t']
[2022-11-29T12:18:09.049+0000] {standard_task_runner.py:83} INFO - Job 5: Subtask producing_task_1
[2022-11-29T12:18:09.121+0000] {task_command.py:376} INFO - Running <TaskInstance: dataset_produces_1.producing_task_1 manual__2022-11-29T12:18:07.997880+00:00 [running]> on host 733208eb192a
[2022-11-29T12:18:09.202+0000] {taskinstance.py:1592} INFO - Exporting the following env vars:
AIRFLOW_CTX_DAG_OWNER=***
AIRFLOW_CTX_DAG_ID=dataset_produces_1
AIRFLOW_CTX_TASK_ID=producing_task_1
AIRFLOW_CTX_EXECUTION_DATE=2022-11-29T12:18:07.997880+00:00
AIRFLOW_CTX_TRY_NUMBER=1
AIRFLOW_CTX_DAG_RUN_ID=manual__2022-11-29T12:18:07.997880+00:00
[2022-11-29T12:18:09.203+0000] {subprocess.py:63} INFO - Tmp dir root location: 
 /tmp
[2022-11-29T12:18:09.203+0000] {subprocess.py:75} INFO - Running command: ['/bin/bash', '-c', 'sleep 5']
[2022-11-29T12:18:09.210+0000] {subprocess.py:86} INFO - Output:
[2022-11-29T12:18:14.212+0000] {subprocess.py:97} INFO - Command exited with return code 0
[2022-11-29T12:18:14.224+0000] {warnings.py:110} WARNING - /home/***/.local/lib/python3.7/site-packages/***/models/baseoperator.py:1390: RemovedInAirflow3Warning: Passing 'execution_date' to 'TaskInstance.xcom_push()' is deprecated.
  context['ti'].xcom_push(key=key, value=value, execution_date=execution_date)

[2022-11-29T12:18:14.236+0000] {taskinstance.py:1406} INFO - Marking task as SUCCESS. dag_id=dataset_produces_1, task_id=producing_task_1, execution_date=20221129T121807, start_date=20221129T121809, end_date=20221129T121814
[2022-11-29T12:18:14.294+0000] {local_task_job.py:159} INFO - Task exited with return code 0
[2022-11-29T12:18:14.302+0000] {taskinstance.py:2623} INFO - 0 downstream tasks scheduled from follow-on schedule check
