[2022-11-30T07:02:39.077+0000] {taskinstance.py:1165} INFO - Dependencies all met for <TaskInstance: first_dag.hello scheduled__2022-10-06T00:00:00+00:00 [queued]>
[2022-11-30T07:02:39.168+0000] {taskinstance.py:1165} INFO - Dependencies all met for <TaskInstance: first_dag.hello scheduled__2022-10-06T00:00:00+00:00 [queued]>
[2022-11-30T07:02:39.170+0000] {taskinstance.py:1362} INFO - 
--------------------------------------------------------------------------------
[2022-11-30T07:02:39.171+0000] {taskinstance.py:1363} INFO - Starting attempt 1 of 1
[2022-11-30T07:02:39.171+0000] {taskinstance.py:1364} INFO - 
--------------------------------------------------------------------------------
[2022-11-30T07:02:39.304+0000] {taskinstance.py:1383} INFO - Executing <Task(BashOperator): hello> on 2022-10-06 00:00:00+00:00
[2022-11-30T07:02:39.309+0000] {standard_task_runner.py:55} INFO - Started process 2153 to run task
[2022-11-30T07:02:39.317+0000] {standard_task_runner.py:82} INFO - Running: ['***', 'tasks', 'run', 'first_dag', 'hello', 'scheduled__2022-10-06T00:00:00+00:00', '--job-id', '564', '--raw', '--subdir', 'DAGS_FOLDER/first_dag.py', '--cfg-path', '/tmp/tmp5o2d5vdz']
[2022-11-30T07:02:39.317+0000] {standard_task_runner.py:83} INFO - Job 564: Subtask hello
[2022-11-30T07:02:39.415+0000] {task_command.py:376} INFO - Running <TaskInstance: first_dag.hello scheduled__2022-10-06T00:00:00+00:00 [running]> on host 733208eb192a
[2022-11-30T07:02:39.629+0000] {taskinstance.py:1592} INFO - Exporting the following env vars:
AIRFLOW_CTX_DAG_OWNER=***
AIRFLOW_CTX_DAG_ID=first_dag
AIRFLOW_CTX_TASK_ID=hello
AIRFLOW_CTX_EXECUTION_DATE=2022-10-06T00:00:00+00:00
AIRFLOW_CTX_TRY_NUMBER=1
AIRFLOW_CTX_DAG_RUN_ID=scheduled__2022-10-06T00:00:00+00:00
[2022-11-30T07:02:39.630+0000] {subprocess.py:63} INFO - Tmp dir root location: 
 /tmp
[2022-11-30T07:02:39.631+0000] {subprocess.py:75} INFO - Running command: ['/bin/bash', '-c', 'echo hello']
[2022-11-30T07:02:39.647+0000] {subprocess.py:86} INFO - Output:
[2022-11-30T07:02:39.648+0000] {subprocess.py:93} INFO - hello
[2022-11-30T07:02:39.648+0000] {subprocess.py:97} INFO - Command exited with return code 0
[2022-11-30T07:02:39.813+0000] {taskinstance.py:1406} INFO - Marking task as SUCCESS. dag_id=first_dag, task_id=hello, execution_date=20221006T000000, start_date=20221130T070239, end_date=20221130T070239
[2022-11-30T07:02:39.858+0000] {local_task_job.py:159} INFO - Task exited with return code 0
[2022-11-30T07:02:39.891+0000] {taskinstance.py:2623} INFO - 1 downstream tasks scheduled from follow-on schedule check
