[2022-11-30T07:02:19.424+0000] {taskinstance.py:1165} INFO - Dependencies all met for <TaskInstance: first_dag.hello scheduled__2022-09-06T00:00:00+00:00 [queued]>
[2022-11-30T07:02:19.439+0000] {taskinstance.py:1165} INFO - Dependencies all met for <TaskInstance: first_dag.hello scheduled__2022-09-06T00:00:00+00:00 [queued]>
[2022-11-30T07:02:19.439+0000] {taskinstance.py:1362} INFO - 
--------------------------------------------------------------------------------
[2022-11-30T07:02:19.439+0000] {taskinstance.py:1363} INFO - Starting attempt 1 of 1
[2022-11-30T07:02:19.439+0000] {taskinstance.py:1364} INFO - 
--------------------------------------------------------------------------------
[2022-11-30T07:02:19.461+0000] {taskinstance.py:1383} INFO - Executing <Task(BashOperator): hello> on 2022-09-06 00:00:00+00:00
[2022-11-30T07:02:19.465+0000] {standard_task_runner.py:55} INFO - Started process 1983 to run task
[2022-11-30T07:02:19.481+0000] {standard_task_runner.py:82} INFO - Running: ['***', 'tasks', 'run', 'first_dag', 'hello', 'scheduled__2022-09-06T00:00:00+00:00', '--job-id', '505', '--raw', '--subdir', 'DAGS_FOLDER/first_dag.py', '--cfg-path', '/tmp/tmp1y9gffli']
[2022-11-30T07:02:19.482+0000] {standard_task_runner.py:83} INFO - Job 505: Subtask hello
[2022-11-30T07:02:19.588+0000] {task_command.py:376} INFO - Running <TaskInstance: first_dag.hello scheduled__2022-09-06T00:00:00+00:00 [running]> on host 733208eb192a
[2022-11-30T07:02:19.728+0000] {taskinstance.py:1592} INFO - Exporting the following env vars:
AIRFLOW_CTX_DAG_OWNER=***
AIRFLOW_CTX_DAG_ID=first_dag
AIRFLOW_CTX_TASK_ID=hello
AIRFLOW_CTX_EXECUTION_DATE=2022-09-06T00:00:00+00:00
AIRFLOW_CTX_TRY_NUMBER=1
AIRFLOW_CTX_DAG_RUN_ID=scheduled__2022-09-06T00:00:00+00:00
[2022-11-30T07:02:19.729+0000] {subprocess.py:63} INFO - Tmp dir root location: 
 /tmp
[2022-11-30T07:02:19.730+0000] {subprocess.py:75} INFO - Running command: ['/bin/bash', '-c', 'echo hello']
[2022-11-30T07:02:19.737+0000] {subprocess.py:86} INFO - Output:
[2022-11-30T07:02:19.740+0000] {subprocess.py:93} INFO - hello
[2022-11-30T07:02:19.741+0000] {subprocess.py:97} INFO - Command exited with return code 0
[2022-11-30T07:02:19.776+0000] {taskinstance.py:1406} INFO - Marking task as SUCCESS. dag_id=first_dag, task_id=hello, execution_date=20220906T000000, start_date=20221130T070219, end_date=20221130T070219
[2022-11-30T07:02:19.805+0000] {local_task_job.py:159} INFO - Task exited with return code 0
[2022-11-30T07:02:19.824+0000] {taskinstance.py:2623} INFO - 1 downstream tasks scheduled from follow-on schedule check
