[2022-11-30T11:38:37.549+0000] {taskinstance.py:1165} INFO - Dependencies all met for <TaskInstance: pratice_pg.download_file manual__2022-11-30T11:38:36.752309+00:00 [queued]>
[2022-11-30T11:38:37.556+0000] {taskinstance.py:1165} INFO - Dependencies all met for <TaskInstance: pratice_pg.download_file manual__2022-11-30T11:38:36.752309+00:00 [queued]>
[2022-11-30T11:38:37.556+0000] {taskinstance.py:1362} INFO - 
--------------------------------------------------------------------------------
[2022-11-30T11:38:37.556+0000] {taskinstance.py:1363} INFO - Starting attempt 1 of 1
[2022-11-30T11:38:37.556+0000] {taskinstance.py:1364} INFO - 
--------------------------------------------------------------------------------
[2022-11-30T11:38:37.564+0000] {taskinstance.py:1383} INFO - Executing <Task(BashOperator): download_file> on 2022-11-30 11:38:36.752309+00:00
[2022-11-30T11:38:37.567+0000] {standard_task_runner.py:55} INFO - Started process 1009 to run task
[2022-11-30T11:38:37.569+0000] {standard_task_runner.py:82} INFO - Running: ['***', 'tasks', 'run', 'pratice_pg', 'download_file', 'manual__2022-11-30T11:38:36.752309+00:00', '--job-id', '753', '--raw', '--subdir', 'DAGS_FOLDER/practice_pg.py', '--cfg-path', '/tmp/tmpvlslvmbe']
[2022-11-30T11:38:37.571+0000] {standard_task_runner.py:83} INFO - Job 753: Subtask download_file
[2022-11-30T11:38:37.611+0000] {task_command.py:376} INFO - Running <TaskInstance: pratice_pg.download_file manual__2022-11-30T11:38:36.752309+00:00 [running]> on host 39d0f50fcfa4
[2022-11-30T11:38:37.657+0000] {taskinstance.py:1592} INFO - Exporting the following env vars:
AIRFLOW_CTX_DAG_OWNER=***
AIRFLOW_CTX_DAG_ID=pratice_pg
AIRFLOW_CTX_TASK_ID=download_file
AIRFLOW_CTX_EXECUTION_DATE=2022-11-30T11:38:36.752309+00:00
AIRFLOW_CTX_TRY_NUMBER=1
AIRFLOW_CTX_DAG_RUN_ID=manual__2022-11-30T11:38:36.752309+00:00
[2022-11-30T11:38:37.658+0000] {subprocess.py:63} INFO - Tmp dir root location: 
 /tmp
[2022-11-30T11:38:37.659+0000] {subprocess.py:75} INFO - Running command: ['/bin/bash', '-c', 'curl https://people.sc.fsu.edu/~jburkardt/data/csv/snakes_count_100.csv --output /tmp/prcatice_file.csv']
[2022-11-30T11:38:37.666+0000] {subprocess.py:86} INFO - Output:
[2022-11-30T11:38:37.677+0000] {subprocess.py:93} INFO -   % Total    % Received % Xferd  Average Speed   Time    Time     Time  Current
[2022-11-30T11:38:37.678+0000] {subprocess.py:93} INFO -                                  Dload  Upload   Total   Spent    Left  Speed
[2022-11-30T11:38:38.771+0000] {subprocess.py:93} INFO -   0     0    0     0    0     0      0      0 --:--:-- --:--:-- --:--:--     0  0     0    0     0    0     0      0      0 --:--:-- --:--:-- --:--:--     0  0     0    0     0    0     0      0      0 --:--:--  0:00:01 --:--:--     0100   723  100   723    0     0    661      0  0:00:01  0:00:01 --:--:--   660
[2022-11-30T11:38:38.772+0000] {subprocess.py:97} INFO - Command exited with return code 0
[2022-11-30T11:38:38.788+0000] {taskinstance.py:1406} INFO - Marking task as SUCCESS. dag_id=pratice_pg, task_id=download_file, execution_date=20221130T113836, start_date=20221130T113837, end_date=20221130T113838
[2022-11-30T11:38:38.803+0000] {local_task_job.py:159} INFO - Task exited with return code 0
[2022-11-30T11:38:38.823+0000] {taskinstance.py:2623} INFO - 1 downstream tasks scheduled from follow-on schedule check
