[2022-11-30T09:26:32.453+0000] {taskinstance.py:1165} INFO - Dependencies all met for <TaskInstance: pratice_pg.download_file manual__2022-11-30T09:26:31.588626+00:00 [queued]>
[2022-11-30T09:26:32.459+0000] {taskinstance.py:1165} INFO - Dependencies all met for <TaskInstance: pratice_pg.download_file manual__2022-11-30T09:26:31.588626+00:00 [queued]>
[2022-11-30T09:26:32.459+0000] {taskinstance.py:1362} INFO - 
--------------------------------------------------------------------------------
[2022-11-30T09:26:32.459+0000] {taskinstance.py:1363} INFO - Starting attempt 1 of 1
[2022-11-30T09:26:32.459+0000] {taskinstance.py:1364} INFO - 
--------------------------------------------------------------------------------
[2022-11-30T09:26:32.470+0000] {taskinstance.py:1383} INFO - Executing <Task(BashOperator): download_file> on 2022-11-30 09:26:31.588626+00:00
[2022-11-30T09:26:32.477+0000] {standard_task_runner.py:55} INFO - Started process 292 to run task
[2022-11-30T09:26:32.480+0000] {standard_task_runner.py:82} INFO - Running: ['***', 'tasks', 'run', 'pratice_pg', 'download_file', 'manual__2022-11-30T09:26:31.588626+00:00', '--job-id', '707', '--raw', '--subdir', 'DAGS_FOLDER/practice_pg.py', '--cfg-path', '/tmp/tmp2ijw1_vc']
[2022-11-30T09:26:32.480+0000] {standard_task_runner.py:83} INFO - Job 707: Subtask download_file
[2022-11-30T09:26:32.543+0000] {task_command.py:376} INFO - Running <TaskInstance: pratice_pg.download_file manual__2022-11-30T09:26:31.588626+00:00 [running]> on host 481f60569de1
[2022-11-30T09:26:32.596+0000] {taskinstance.py:1592} INFO - Exporting the following env vars:
AIRFLOW_CTX_DAG_OWNER=***
AIRFLOW_CTX_DAG_ID=pratice_pg
AIRFLOW_CTX_TASK_ID=download_file
AIRFLOW_CTX_EXECUTION_DATE=2022-11-30T09:26:31.588626+00:00
AIRFLOW_CTX_TRY_NUMBER=1
AIRFLOW_CTX_DAG_RUN_ID=manual__2022-11-30T09:26:31.588626+00:00
[2022-11-30T09:26:32.597+0000] {subprocess.py:63} INFO - Tmp dir root location: 
 /tmp
[2022-11-30T09:26:32.597+0000] {subprocess.py:75} INFO - Running command: ['/bin/bash', '-c', 'curl https://people.sc.fsu.edu/~jburkardt/data/csv/snakes_count_100.csv --output /tmp/prcatice_file.csv']
[2022-11-30T09:26:32.610+0000] {subprocess.py:86} INFO - Output:
[2022-11-30T09:26:32.750+0000] {subprocess.py:93} INFO -   % Total    % Received % Xferd  Average Speed   Time    Time     Time  Current
[2022-11-30T09:26:32.750+0000] {subprocess.py:93} INFO -                                  Dload  Upload   Total   Spent    Left  Speed
[2022-11-30T09:26:33.238+0000] {subprocess.py:93} INFO -   0     0    0     0    0     0      0      0 --:--:-- --:--:-- --:--:--     0  0     0    0     0    0     0      0      0 --:--:-- --:--:-- --:--:--     0100   723  100   723    0     0   1481      0 --:--:-- --:--:-- --:--:--  1478
[2022-11-30T09:26:33.240+0000] {subprocess.py:97} INFO - Command exited with return code 0
[2022-11-30T09:26:33.261+0000] {taskinstance.py:1406} INFO - Marking task as SUCCESS. dag_id=pratice_pg, task_id=download_file, execution_date=20221130T092631, start_date=20221130T092632, end_date=20221130T092633
[2022-11-30T09:26:33.316+0000] {local_task_job.py:159} INFO - Task exited with return code 0
[2022-11-30T09:26:33.363+0000] {taskinstance.py:2623} INFO - 0 downstream tasks scheduled from follow-on schedule check
