[2022-11-30T11:18:07.736+0000] {taskinstance.py:1165} INFO - Dependencies all met for <TaskInstance: pratice_pg.pg_prepare manual__2022-11-30T11:18:05.427964+00:00 [queued]>
[2022-11-30T11:18:07.747+0000] {taskinstance.py:1165} INFO - Dependencies all met for <TaskInstance: pratice_pg.pg_prepare manual__2022-11-30T11:18:05.427964+00:00 [queued]>
[2022-11-30T11:18:07.747+0000] {taskinstance.py:1362} INFO - 
--------------------------------------------------------------------------------
[2022-11-30T11:18:07.747+0000] {taskinstance.py:1363} INFO - Starting attempt 1 of 1
[2022-11-30T11:18:07.747+0000] {taskinstance.py:1364} INFO - 
--------------------------------------------------------------------------------
[2022-11-30T11:18:07.755+0000] {taskinstance.py:1383} INFO - Executing <Task(_PythonDecoratedOperator): pg_prepare> on 2022-11-30 11:18:05.427964+00:00
[2022-11-30T11:18:07.759+0000] {standard_task_runner.py:55} INFO - Started process 76 to run task
[2022-11-30T11:18:07.762+0000] {standard_task_runner.py:82} INFO - Running: ['***', 'tasks', 'run', 'pratice_pg', 'pg_prepare', 'manual__2022-11-30T11:18:05.427964+00:00', '--job-id', '746', '--raw', '--subdir', 'DAGS_FOLDER/practice_pg.py', '--cfg-path', '/tmp/tmp_mprpfq7']
[2022-11-30T11:18:07.763+0000] {standard_task_runner.py:83} INFO - Job 746: Subtask pg_prepare
[2022-11-30T11:18:07.807+0000] {task_command.py:376} INFO - Running <TaskInstance: pratice_pg.pg_prepare manual__2022-11-30T11:18:05.427964+00:00 [running]> on host 39d0f50fcfa4
[2022-11-30T11:18:07.853+0000] {taskinstance.py:1592} INFO - Exporting the following env vars:
AIRFLOW_CTX_DAG_OWNER=***
AIRFLOW_CTX_DAG_ID=pratice_pg
AIRFLOW_CTX_TASK_ID=pg_prepare
AIRFLOW_CTX_EXECUTION_DATE=2022-11-30T11:18:05.427964+00:00
AIRFLOW_CTX_TRY_NUMBER=1
AIRFLOW_CTX_DAG_RUN_ID=manual__2022-11-30T11:18:05.427964+00:00
[2022-11-30T11:18:07.862+0000] {base.py:71} INFO - Using connection ID 'pgdb' for task execution.
[2022-11-30T11:18:07.975+0000] {base.py:71} INFO - Using connection ID 'pgdb' for task execution.
[2022-11-30T11:18:07.981+0000] {python.py:177} INFO - Done. Returned value was: None
[2022-11-30T11:18:07.987+0000] {taskinstance.py:1406} INFO - Marking task as SUCCESS. dag_id=pratice_pg, task_id=pg_prepare, execution_date=20221130T111805, start_date=20221130T111807, end_date=20221130T111807
[2022-11-30T11:18:08.013+0000] {local_task_job.py:159} INFO - Task exited with return code 0
[2022-11-30T11:18:08.040+0000] {taskinstance.py:2623} INFO - 0 downstream tasks scheduled from follow-on schedule check
