[2022-11-30T07:03:05.034+0000] {taskinstance.py:1165} INFO - Dependencies all met for <TaskInstance: first_dag.hello scheduled__2022-11-16T00:00:00+00:00 [queued]>
[2022-11-30T07:03:05.044+0000] {taskinstance.py:1165} INFO - Dependencies all met for <TaskInstance: first_dag.hello scheduled__2022-11-16T00:00:00+00:00 [queued]>
[2022-11-30T07:03:05.045+0000] {taskinstance.py:1362} INFO - 
--------------------------------------------------------------------------------
[2022-11-30T07:03:05.048+0000] {taskinstance.py:1363} INFO - Starting attempt 1 of 1
[2022-11-30T07:03:05.048+0000] {taskinstance.py:1364} INFO - 
--------------------------------------------------------------------------------
[2022-11-30T07:03:05.086+0000] {taskinstance.py:1383} INFO - Executing <Task(BashOperator): hello> on 2022-11-16 00:00:00+00:00
[2022-11-30T07:03:05.092+0000] {standard_task_runner.py:55} INFO - Started process 2377 to run task
[2022-11-30T07:03:05.101+0000] {standard_task_runner.py:82} INFO - Running: ['***', 'tasks', 'run', 'first_dag', 'hello', 'scheduled__2022-11-16T00:00:00+00:00', '--job-id', '647', '--raw', '--subdir', 'DAGS_FOLDER/first_dag.py', '--cfg-path', '/tmp/tmpriuy7zhj']
[2022-11-30T07:03:05.102+0000] {standard_task_runner.py:83} INFO - Job 647: Subtask hello
[2022-11-30T07:03:05.229+0000] {task_command.py:376} INFO - Running <TaskInstance: first_dag.hello scheduled__2022-11-16T00:00:00+00:00 [running]> on host 733208eb192a
[2022-11-30T07:03:05.465+0000] {taskinstance.py:1592} INFO - Exporting the following env vars:
AIRFLOW_CTX_DAG_OWNER=***
AIRFLOW_CTX_DAG_ID=first_dag
AIRFLOW_CTX_TASK_ID=hello
AIRFLOW_CTX_EXECUTION_DATE=2022-11-16T00:00:00+00:00
AIRFLOW_CTX_TRY_NUMBER=1
AIRFLOW_CTX_DAG_RUN_ID=scheduled__2022-11-16T00:00:00+00:00
[2022-11-30T07:03:05.469+0000] {subprocess.py:63} INFO - Tmp dir root location: 
 /tmp
[2022-11-30T07:03:05.472+0000] {subprocess.py:75} INFO - Running command: ['/bin/bash', '-c', 'echo hello']
[2022-11-30T07:03:05.500+0000] {subprocess.py:86} INFO - Output:
[2022-11-30T07:03:05.542+0000] {subprocess.py:93} INFO - hello
[2022-11-30T07:03:05.544+0000] {subprocess.py:97} INFO - Command exited with return code 0
[2022-11-30T07:03:05.610+0000] {taskinstance.py:1406} INFO - Marking task as SUCCESS. dag_id=first_dag, task_id=hello, execution_date=20221116T000000, start_date=20221130T070305, end_date=20221130T070305
[2022-11-30T07:03:05.692+0000] {local_task_job.py:159} INFO - Task exited with return code 0
[2022-11-30T07:03:05.711+0000] {taskinstance.py:2623} INFO - 0 downstream tasks scheduled from follow-on schedule check
