[2022-11-30T07:02:10.959+0000] {taskinstance.py:1165} INFO - Dependencies all met for <TaskInstance: first_dag.world scheduled__2022-08-25T00:00:00+00:00 [queued]>
[2022-11-30T07:02:10.971+0000] {taskinstance.py:1165} INFO - Dependencies all met for <TaskInstance: first_dag.world scheduled__2022-08-25T00:00:00+00:00 [queued]>
[2022-11-30T07:02:10.971+0000] {taskinstance.py:1362} INFO - 
--------------------------------------------------------------------------------
[2022-11-30T07:02:10.971+0000] {taskinstance.py:1363} INFO - Starting attempt 1 of 1
[2022-11-30T07:02:10.971+0000] {taskinstance.py:1364} INFO - 
--------------------------------------------------------------------------------
[2022-11-30T07:02:10.986+0000] {taskinstance.py:1383} INFO - Executing <Task(PythonOperator): world> on 2022-08-25 00:00:00+00:00
[2022-11-30T07:02:10.988+0000] {standard_task_runner.py:55} INFO - Started process 1919 to run task
[2022-11-30T07:02:10.992+0000] {standard_task_runner.py:82} INFO - Running: ['***', 'tasks', 'run', 'first_dag', 'world', 'scheduled__2022-08-25T00:00:00+00:00', '--job-id', '483', '--raw', '--subdir', 'DAGS_FOLDER/first_dag.py', '--cfg-path', '/tmp/tmp3jquggk6']
[2022-11-30T07:02:10.993+0000] {standard_task_runner.py:83} INFO - Job 483: Subtask world
[2022-11-30T07:02:11.046+0000] {task_command.py:376} INFO - Running <TaskInstance: first_dag.world scheduled__2022-08-25T00:00:00+00:00 [running]> on host 733208eb192a
[2022-11-30T07:02:11.085+0000] {taskinstance.py:1592} INFO - Exporting the following env vars:
AIRFLOW_CTX_DAG_OWNER=***
AIRFLOW_CTX_DAG_ID=first_dag
AIRFLOW_CTX_TASK_ID=world
AIRFLOW_CTX_EXECUTION_DATE=2022-08-25T00:00:00+00:00
AIRFLOW_CTX_TRY_NUMBER=1
AIRFLOW_CTX_DAG_RUN_ID=scheduled__2022-08-25T00:00:00+00:00
[2022-11-30T07:02:11.087+0000] {logging_mixin.py:137} INFO - Hello!
[2022-11-30T07:02:11.087+0000] {python.py:177} INFO - Done. Returned value was: None
[2022-11-30T07:02:11.103+0000] {taskinstance.py:1406} INFO - Marking task as SUCCESS. dag_id=first_dag, task_id=world, execution_date=20220825T000000, start_date=20221130T070210, end_date=20221130T070211
[2022-11-30T07:02:11.126+0000] {local_task_job.py:159} INFO - Task exited with return code 0
[2022-11-30T07:02:11.136+0000] {taskinstance.py:2623} INFO - 0 downstream tasks scheduled from follow-on schedule check
