[2022-11-30T07:01:54.475+0000] {taskinstance.py:1165} INFO - Dependencies all met for <TaskInstance: first_dag.hello scheduled__2022-07-29T00:00:00+00:00 [queued]>
[2022-11-30T07:01:54.490+0000] {taskinstance.py:1165} INFO - Dependencies all met for <TaskInstance: first_dag.hello scheduled__2022-07-29T00:00:00+00:00 [queued]>
[2022-11-30T07:01:54.491+0000] {taskinstance.py:1362} INFO - 
--------------------------------------------------------------------------------
[2022-11-30T07:01:54.491+0000] {taskinstance.py:1363} INFO - Starting attempt 1 of 1
[2022-11-30T07:01:54.491+0000] {taskinstance.py:1364} INFO - 
--------------------------------------------------------------------------------
[2022-11-30T07:01:54.545+0000] {taskinstance.py:1383} INFO - Executing <Task(BashOperator): hello> on 2022-07-29 00:00:00+00:00
[2022-11-30T07:01:54.548+0000] {standard_task_runner.py:55} INFO - Started process 1756 to run task
[2022-11-30T07:01:54.558+0000] {standard_task_runner.py:82} INFO - Running: ['***', 'tasks', 'run', 'first_dag', 'hello', 'scheduled__2022-07-29T00:00:00+00:00', '--job-id', '419', '--raw', '--subdir', 'DAGS_FOLDER/first_dag.py', '--cfg-path', '/tmp/tmpog3bv7k6']
[2022-11-30T07:01:54.558+0000] {standard_task_runner.py:83} INFO - Job 419: Subtask hello
[2022-11-30T07:01:54.720+0000] {task_command.py:376} INFO - Running <TaskInstance: first_dag.hello scheduled__2022-07-29T00:00:00+00:00 [running]> on host 733208eb192a
[2022-11-30T07:01:54.822+0000] {taskinstance.py:1592} INFO - Exporting the following env vars:
AIRFLOW_CTX_DAG_OWNER=***
AIRFLOW_CTX_DAG_ID=first_dag
AIRFLOW_CTX_TASK_ID=hello
AIRFLOW_CTX_EXECUTION_DATE=2022-07-29T00:00:00+00:00
AIRFLOW_CTX_TRY_NUMBER=1
AIRFLOW_CTX_DAG_RUN_ID=scheduled__2022-07-29T00:00:00+00:00
[2022-11-30T07:01:54.823+0000] {subprocess.py:63} INFO - Tmp dir root location: 
 /tmp
[2022-11-30T07:01:54.825+0000] {subprocess.py:75} INFO - Running command: ['/bin/bash', '-c', 'echo hello']
[2022-11-30T07:01:54.850+0000] {subprocess.py:86} INFO - Output:
[2022-11-30T07:01:54.852+0000] {subprocess.py:93} INFO - hello
[2022-11-30T07:01:54.853+0000] {subprocess.py:97} INFO - Command exited with return code 0
[2022-11-30T07:01:54.886+0000] {taskinstance.py:1406} INFO - Marking task as SUCCESS. dag_id=first_dag, task_id=hello, execution_date=20220729T000000, start_date=20221130T070154, end_date=20221130T070154
[2022-11-30T07:01:54.925+0000] {local_task_job.py:159} INFO - Task exited with return code 0
[2022-11-30T07:01:54.996+0000] {taskinstance.py:2623} INFO - 0 downstream tasks scheduled from follow-on schedule check
