[2022-11-30T08:09:35.818+0000] {taskinstance.py:1165} INFO - Dependencies all met for <TaskInstance: _prcatice.add_column manual__2022-11-30T08:09:32.190562+00:00 [queued]>
[2022-11-30T08:09:35.823+0000] {taskinstance.py:1165} INFO - Dependencies all met for <TaskInstance: _prcatice.add_column manual__2022-11-30T08:09:32.190562+00:00 [queued]>
[2022-11-30T08:09:35.823+0000] {taskinstance.py:1362} INFO - 
--------------------------------------------------------------------------------
[2022-11-30T08:09:35.824+0000] {taskinstance.py:1363} INFO - Starting attempt 1 of 1
[2022-11-30T08:09:35.824+0000] {taskinstance.py:1364} INFO - 
--------------------------------------------------------------------------------
[2022-11-30T08:09:35.831+0000] {taskinstance.py:1383} INFO - Executing <Task(_PythonDecoratedOperator): add_column> on 2022-11-30 08:09:32.190562+00:00
[2022-11-30T08:09:35.834+0000] {standard_task_runner.py:55} INFO - Started process 1780 to run task
[2022-11-30T08:09:35.836+0000] {standard_task_runner.py:82} INFO - Running: ['***', 'tasks', 'run', '_prcatice', 'add_column', 'manual__2022-11-30T08:09:32.190562+00:00', '--job-id', '684', '--raw', '--subdir', 'DAGS_FOLDER/practice.py', '--cfg-path', '/tmp/tmpc7c97o4w']
[2022-11-30T08:09:35.836+0000] {standard_task_runner.py:83} INFO - Job 684: Subtask add_column
[2022-11-30T08:09:35.873+0000] {task_command.py:376} INFO - Running <TaskInstance: _prcatice.add_column manual__2022-11-30T08:09:32.190562+00:00 [running]> on host 0fcad1446026
[2022-11-30T08:09:35.915+0000] {taskinstance.py:1592} INFO - Exporting the following env vars:
AIRFLOW_CTX_DAG_OWNER=***
AIRFLOW_CTX_DAG_ID=_prcatice
AIRFLOW_CTX_TASK_ID=add_column
AIRFLOW_CTX_EXECUTION_DATE=2022-11-30T08:09:32.190562+00:00
AIRFLOW_CTX_TRY_NUMBER=1
AIRFLOW_CTX_DAG_RUN_ID=manual__2022-11-30T08:09:32.190562+00:00
[2022-11-30T08:09:35.923+0000] {python.py:177} INFO - Done. Returned value was: None
[2022-11-30T08:09:35.928+0000] {taskinstance.py:1406} INFO - Marking task as SUCCESS. dag_id=_prcatice, task_id=add_column, execution_date=20221130T080932, start_date=20221130T080935, end_date=20221130T080935
[2022-11-30T08:09:35.969+0000] {local_task_job.py:159} INFO - Task exited with return code 0
[2022-11-30T08:09:35.989+0000] {taskinstance.py:2623} INFO - 1 downstream tasks scheduled from follow-on schedule check
