[2022-11-30T07:01:53.156+0000] {taskinstance.py:1165} INFO - Dependencies all met for <TaskInstance: first_dag.hello scheduled__2022-07-21T00:00:00+00:00 [queued]>
[2022-11-30T07:01:53.165+0000] {taskinstance.py:1165} INFO - Dependencies all met for <TaskInstance: first_dag.hello scheduled__2022-07-21T00:00:00+00:00 [queued]>
[2022-11-30T07:01:53.165+0000] {taskinstance.py:1362} INFO - 
--------------------------------------------------------------------------------
[2022-11-30T07:01:53.165+0000] {taskinstance.py:1363} INFO - Starting attempt 1 of 1
[2022-11-30T07:01:53.165+0000] {taskinstance.py:1364} INFO - 
--------------------------------------------------------------------------------
[2022-11-30T07:01:53.203+0000] {taskinstance.py:1383} INFO - Executing <Task(BashOperator): hello> on 2022-07-21 00:00:00+00:00
[2022-11-30T07:01:53.208+0000] {standard_task_runner.py:55} INFO - Started process 1732 to run task
[2022-11-30T07:01:53.217+0000] {standard_task_runner.py:82} INFO - Running: ['***', 'tasks', 'run', 'first_dag', 'hello', 'scheduled__2022-07-21T00:00:00+00:00', '--job-id', '411', '--raw', '--subdir', 'DAGS_FOLDER/first_dag.py', '--cfg-path', '/tmp/tmpk4hxzy0p']
[2022-11-30T07:01:53.217+0000] {standard_task_runner.py:83} INFO - Job 411: Subtask hello
[2022-11-30T07:01:53.384+0000] {task_command.py:376} INFO - Running <TaskInstance: first_dag.hello scheduled__2022-07-21T00:00:00+00:00 [running]> on host 733208eb192a
[2022-11-30T07:01:53.601+0000] {taskinstance.py:1592} INFO - Exporting the following env vars:
AIRFLOW_CTX_DAG_OWNER=***
AIRFLOW_CTX_DAG_ID=first_dag
AIRFLOW_CTX_TASK_ID=hello
AIRFLOW_CTX_EXECUTION_DATE=2022-07-21T00:00:00+00:00
AIRFLOW_CTX_TRY_NUMBER=1
AIRFLOW_CTX_DAG_RUN_ID=scheduled__2022-07-21T00:00:00+00:00
[2022-11-30T07:01:53.601+0000] {subprocess.py:63} INFO - Tmp dir root location: 
 /tmp
[2022-11-30T07:01:53.602+0000] {subprocess.py:75} INFO - Running command: ['/bin/bash', '-c', 'echo hello']
[2022-11-30T07:01:53.616+0000] {subprocess.py:86} INFO - Output:
[2022-11-30T07:01:53.617+0000] {subprocess.py:93} INFO - hello
[2022-11-30T07:01:53.619+0000] {subprocess.py:97} INFO - Command exited with return code 0
[2022-11-30T07:01:53.684+0000] {taskinstance.py:1406} INFO - Marking task as SUCCESS. dag_id=first_dag, task_id=hello, execution_date=20220721T000000, start_date=20221130T070153, end_date=20221130T070153
[2022-11-30T07:01:53.760+0000] {local_task_job.py:159} INFO - Task exited with return code 0
[2022-11-30T07:01:53.778+0000] {taskinstance.py:2623} INFO - 1 downstream tasks scheduled from follow-on schedule check
