[2022-11-30T09:59:30.687+0000] {taskinstance.py:1165} INFO - Dependencies all met for <TaskInstance: pratice_pg.success manual__2022-11-30T09:59:23.382418+00:00 [queued]>
[2022-11-30T09:59:30.695+0000] {taskinstance.py:1165} INFO - Dependencies all met for <TaskInstance: pratice_pg.success manual__2022-11-30T09:59:23.382418+00:00 [queued]>
[2022-11-30T09:59:30.695+0000] {taskinstance.py:1362} INFO - 
--------------------------------------------------------------------------------
[2022-11-30T09:59:30.695+0000] {taskinstance.py:1363} INFO - Starting attempt 1 of 1
[2022-11-30T09:59:30.695+0000] {taskinstance.py:1364} INFO - 
--------------------------------------------------------------------------------
[2022-11-30T09:59:30.702+0000] {taskinstance.py:1383} INFO - Executing <Task(BashOperator): success> on 2022-11-30 09:59:23.382418+00:00
[2022-11-30T09:59:30.706+0000] {standard_task_runner.py:55} INFO - Started process 1995 to run task
[2022-11-30T09:59:30.708+0000] {standard_task_runner.py:82} INFO - Running: ['***', 'tasks', 'run', 'pratice_pg', 'success', 'manual__2022-11-30T09:59:23.382418+00:00', '--job-id', '715', '--raw', '--subdir', 'DAGS_FOLDER/practice_pg.py', '--cfg-path', '/tmp/tmpn6i4w3xf']
[2022-11-30T09:59:30.708+0000] {standard_task_runner.py:83} INFO - Job 715: Subtask success
[2022-11-30T09:59:30.749+0000] {task_command.py:376} INFO - Running <TaskInstance: pratice_pg.success manual__2022-11-30T09:59:23.382418+00:00 [running]> on host 481f60569de1
[2022-11-30T09:59:30.787+0000] {taskinstance.py:1592} INFO - Exporting the following env vars:
AIRFLOW_CTX_DAG_OWNER=***
AIRFLOW_CTX_DAG_ID=pratice_pg
AIRFLOW_CTX_TASK_ID=success
AIRFLOW_CTX_EXECUTION_DATE=2022-11-30T09:59:23.382418+00:00
AIRFLOW_CTX_TRY_NUMBER=1
AIRFLOW_CTX_DAG_RUN_ID=manual__2022-11-30T09:59:23.382418+00:00
[2022-11-30T09:59:30.788+0000] {subprocess.py:63} INFO - Tmp dir root location: 
 /tmp
[2022-11-30T09:59:30.788+0000] {subprocess.py:75} INFO - Running command: ['/bin/bash', '-c', 'echo "Success"']
[2022-11-30T09:59:30.795+0000] {subprocess.py:86} INFO - Output:
[2022-11-30T09:59:30.796+0000] {subprocess.py:93} INFO - Success
[2022-11-30T09:59:30.796+0000] {subprocess.py:97} INFO - Command exited with return code 0
[2022-11-30T09:59:30.811+0000] {taskinstance.py:1406} INFO - Marking task as SUCCESS. dag_id=pratice_pg, task_id=success, execution_date=20221130T095923, start_date=20221130T095930, end_date=20221130T095930
[2022-11-30T09:59:30.841+0000] {local_task_job.py:159} INFO - Task exited with return code 0
[2022-11-30T09:59:30.851+0000] {taskinstance.py:2623} INFO - 0 downstream tasks scheduled from follow-on schedule check
