[2022-11-30T08:09:32.839+0000] {taskinstance.py:1165} INFO - Dependencies all met for <TaskInstance: _prcatice.download_file manual__2022-11-30T08:09:32.190562+00:00 [queued]>
[2022-11-30T08:09:32.846+0000] {taskinstance.py:1165} INFO - Dependencies all met for <TaskInstance: _prcatice.download_file manual__2022-11-30T08:09:32.190562+00:00 [queued]>
[2022-11-30T08:09:32.846+0000] {taskinstance.py:1362} INFO - 
--------------------------------------------------------------------------------
[2022-11-30T08:09:32.846+0000] {taskinstance.py:1363} INFO - Starting attempt 1 of 1
[2022-11-30T08:09:32.846+0000] {taskinstance.py:1364} INFO - 
--------------------------------------------------------------------------------
[2022-11-30T08:09:32.858+0000] {taskinstance.py:1383} INFO - Executing <Task(BashOperator): download_file> on 2022-11-30 08:09:32.190562+00:00
[2022-11-30T08:09:32.862+0000] {standard_task_runner.py:55} INFO - Started process 1774 to run task
[2022-11-30T08:09:32.865+0000] {standard_task_runner.py:82} INFO - Running: ['***', 'tasks', 'run', '_prcatice', 'download_file', 'manual__2022-11-30T08:09:32.190562+00:00', '--job-id', '682', '--raw', '--subdir', 'DAGS_FOLDER/practice.py', '--cfg-path', '/tmp/tmpggz55osl']
[2022-11-30T08:09:32.866+0000] {standard_task_runner.py:83} INFO - Job 682: Subtask download_file
[2022-11-30T08:09:32.945+0000] {task_command.py:376} INFO - Running <TaskInstance: _prcatice.download_file manual__2022-11-30T08:09:32.190562+00:00 [running]> on host 0fcad1446026
[2022-11-30T08:09:33.069+0000] {taskinstance.py:1592} INFO - Exporting the following env vars:
AIRFLOW_CTX_DAG_OWNER=***
AIRFLOW_CTX_DAG_ID=_prcatice
AIRFLOW_CTX_TASK_ID=download_file
AIRFLOW_CTX_EXECUTION_DATE=2022-11-30T08:09:32.190562+00:00
AIRFLOW_CTX_TRY_NUMBER=1
AIRFLOW_CTX_DAG_RUN_ID=manual__2022-11-30T08:09:32.190562+00:00
[2022-11-30T08:09:33.070+0000] {subprocess.py:63} INFO - Tmp dir root location: 
 /tmp
[2022-11-30T08:09:33.070+0000] {subprocess.py:75} INFO - Running command: ['/bin/bash', '-c', 'curl https://people.sc.fsu.edu/~jburkardt/data/csv/snakes_count_100.csv --output /tmp/prcatice_file.csv']
[2022-11-30T08:09:33.081+0000] {subprocess.py:86} INFO - Output:
[2022-11-30T08:09:33.121+0000] {subprocess.py:93} INFO -   % Total    % Received % Xferd  Average Speed   Time    Time     Time  Current
[2022-11-30T08:09:33.121+0000] {subprocess.py:93} INFO -                                  Dload  Upload   Total   Spent    Left  Speed
[2022-11-30T08:09:34.253+0000] {subprocess.py:93} INFO -   0     0    0     0    0     0      0      0 --:--:-- --:--:-- --:--:--     0  0     0    0     0    0     0      0      0 --:--:--  0:00:01 --:--:--     0100   723  100   723    0     0    638      0  0:00:01  0:00:01 --:--:--   639
[2022-11-30T08:09:34.254+0000] {subprocess.py:97} INFO - Command exited with return code 0
[2022-11-30T08:09:34.271+0000] {taskinstance.py:1406} INFO - Marking task as SUCCESS. dag_id=_prcatice, task_id=download_file, execution_date=20221130T080932, start_date=20221130T080932, end_date=20221130T080934
[2022-11-30T08:09:34.288+0000] {local_task_job.py:159} INFO - Task exited with return code 0
[2022-11-30T08:09:34.311+0000] {taskinstance.py:2623} INFO - 1 downstream tasks scheduled from follow-on schedule check
