[2022-11-30T08:11:09.788+0000] {taskinstance.py:1165} INFO - Dependencies all met for <TaskInstance: _prcatice.success manual__2022-11-30T08:11:05.125490+00:00 [queued]>
[2022-11-30T08:11:09.794+0000] {taskinstance.py:1165} INFO - Dependencies all met for <TaskInstance: _prcatice.success manual__2022-11-30T08:11:05.125490+00:00 [queued]>
[2022-11-30T08:11:09.794+0000] {taskinstance.py:1362} INFO - 
--------------------------------------------------------------------------------
[2022-11-30T08:11:09.794+0000] {taskinstance.py:1363} INFO - Starting attempt 1 of 1
[2022-11-30T08:11:09.794+0000] {taskinstance.py:1364} INFO - 
--------------------------------------------------------------------------------
[2022-11-30T08:11:09.801+0000] {taskinstance.py:1383} INFO - Executing <Task(BashOperator): success> on 2022-11-30 08:11:05.125490+00:00
[2022-11-30T08:11:09.804+0000] {standard_task_runner.py:55} INFO - Started process 1880 to run task
[2022-11-30T08:11:09.806+0000] {standard_task_runner.py:82} INFO - Running: ['***', 'tasks', 'run', '_prcatice', 'success', 'manual__2022-11-30T08:11:05.125490+00:00', '--job-id', '691', '--raw', '--subdir', 'DAGS_FOLDER/practice.py', '--cfg-path', '/tmp/tmpkdynzy05']
[2022-11-30T08:11:09.806+0000] {standard_task_runner.py:83} INFO - Job 691: Subtask success
[2022-11-30T08:11:09.847+0000] {task_command.py:376} INFO - Running <TaskInstance: _prcatice.success manual__2022-11-30T08:11:05.125490+00:00 [running]> on host 0fcad1446026
[2022-11-30T08:11:09.942+0000] {taskinstance.py:1592} INFO - Exporting the following env vars:
AIRFLOW_CTX_DAG_OWNER=***
AIRFLOW_CTX_DAG_ID=_prcatice
AIRFLOW_CTX_TASK_ID=success
AIRFLOW_CTX_EXECUTION_DATE=2022-11-30T08:11:05.125490+00:00
AIRFLOW_CTX_TRY_NUMBER=1
AIRFLOW_CTX_DAG_RUN_ID=manual__2022-11-30T08:11:05.125490+00:00
[2022-11-30T08:11:09.943+0000] {subprocess.py:63} INFO - Tmp dir root location: 
 /tmp
[2022-11-30T08:11:09.944+0000] {subprocess.py:75} INFO - Running command: ['/bin/bash', '-c', 'echo "Success"']
[2022-11-30T08:11:09.956+0000] {subprocess.py:86} INFO - Output:
[2022-11-30T08:11:09.957+0000] {subprocess.py:93} INFO - Success
[2022-11-30T08:11:09.958+0000] {subprocess.py:97} INFO - Command exited with return code 0
[2022-11-30T08:11:09.988+0000] {taskinstance.py:1406} INFO - Marking task as SUCCESS. dag_id=_prcatice, task_id=success, execution_date=20221130T081105, start_date=20221130T081109, end_date=20221130T081109
[2022-11-30T08:11:10.021+0000] {local_task_job.py:159} INFO - Task exited with return code 0
[2022-11-30T08:11:10.036+0000] {taskinstance.py:2623} INFO - 0 downstream tasks scheduled from follow-on schedule check
