[2022-11-29T12:18:15.128+0000] {taskinstance.py:1165} INFO - Dependencies all met for <TaskInstance: dataset_consumes_1.consuming_1 dataset_triggered__2022-11-29T12:18:14.247755+00:00 [queued]>
[2022-11-29T12:18:15.134+0000] {taskinstance.py:1165} INFO - Dependencies all met for <TaskInstance: dataset_consumes_1.consuming_1 dataset_triggered__2022-11-29T12:18:14.247755+00:00 [queued]>
[2022-11-29T12:18:15.134+0000] {taskinstance.py:1362} INFO - 
--------------------------------------------------------------------------------
[2022-11-29T12:18:15.134+0000] {taskinstance.py:1363} INFO - Starting attempt 1 of 1
[2022-11-29T12:18:15.134+0000] {taskinstance.py:1364} INFO - 
--------------------------------------------------------------------------------
[2022-11-29T12:18:15.145+0000] {taskinstance.py:1383} INFO - Executing <Task(BashOperator): consuming_1> on 2022-11-29 12:18:14.247755+00:00
[2022-11-29T12:18:15.148+0000] {standard_task_runner.py:55} INFO - Started process 251 to run task
[2022-11-29T12:18:15.150+0000] {standard_task_runner.py:82} INFO - Running: ['***', 'tasks', 'run', 'dataset_consumes_1', 'consuming_1', 'dataset_triggered__2022-11-29T12:18:14.247755+00:00', '--job-id', '7', '--raw', '--subdir', '/home/***/.local/lib/python3.7/site-packages/***/example_dags/example_datasets.py', '--cfg-path', '/tmp/tmp2l2_e72z']
[2022-11-29T12:18:15.150+0000] {standard_task_runner.py:83} INFO - Job 7: Subtask consuming_1
[2022-11-29T12:18:15.192+0000] {task_command.py:376} INFO - Running <TaskInstance: dataset_consumes_1.consuming_1 dataset_triggered__2022-11-29T12:18:14.247755+00:00 [running]> on host 733208eb192a
[2022-11-29T12:18:15.257+0000] {taskinstance.py:1592} INFO - Exporting the following env vars:
AIRFLOW_CTX_DAG_OWNER=***
AIRFLOW_CTX_DAG_ID=dataset_consumes_1
AIRFLOW_CTX_TASK_ID=consuming_1
AIRFLOW_CTX_EXECUTION_DATE=2022-11-29T12:18:14.247755+00:00
AIRFLOW_CTX_TRY_NUMBER=1
AIRFLOW_CTX_DAG_RUN_ID=dataset_triggered__2022-11-29T12:18:14.247755+00:00
[2022-11-29T12:18:15.258+0000] {subprocess.py:63} INFO - Tmp dir root location: 
 /tmp
[2022-11-29T12:18:15.259+0000] {subprocess.py:75} INFO - Running command: ['/bin/bash', '-c', 'sleep 5']
[2022-11-29T12:18:15.281+0000] {subprocess.py:86} INFO - Output:
[2022-11-29T12:18:20.283+0000] {subprocess.py:97} INFO - Command exited with return code 0
[2022-11-29T12:18:20.294+0000] {warnings.py:110} WARNING - /home/***/.local/lib/python3.7/site-packages/***/models/baseoperator.py:1390: RemovedInAirflow3Warning: Passing 'execution_date' to 'TaskInstance.xcom_push()' is deprecated.
  context['ti'].xcom_push(key=key, value=value, execution_date=execution_date)

[2022-11-29T12:18:20.304+0000] {taskinstance.py:1406} INFO - Marking task as SUCCESS. dag_id=dataset_consumes_1, task_id=consuming_1, execution_date=20221129T121814, start_date=20221129T121815, end_date=20221129T121820
[2022-11-29T12:18:20.336+0000] {local_task_job.py:159} INFO - Task exited with return code 0
[2022-11-29T12:18:20.356+0000] {taskinstance.py:2623} INFO - 0 downstream tasks scheduled from follow-on schedule check
