[2022-11-30T08:12:38.331+0000] {taskinstance.py:1165} INFO - Dependencies all met for <TaskInstance: _prcatice.success manual__2022-11-30T08:12:33.362893+00:00 [queued]>
[2022-11-30T08:12:38.337+0000] {taskinstance.py:1165} INFO - Dependencies all met for <TaskInstance: _prcatice.success manual__2022-11-30T08:12:33.362893+00:00 [queued]>
[2022-11-30T08:12:38.337+0000] {taskinstance.py:1362} INFO - 
--------------------------------------------------------------------------------
[2022-11-30T08:12:38.337+0000] {taskinstance.py:1363} INFO - Starting attempt 1 of 1
[2022-11-30T08:12:38.337+0000] {taskinstance.py:1364} INFO - 
--------------------------------------------------------------------------------
[2022-11-30T08:12:38.344+0000] {taskinstance.py:1383} INFO - Executing <Task(BashOperator): success> on 2022-11-30 08:12:33.362893+00:00
[2022-11-30T08:12:38.347+0000] {standard_task_runner.py:55} INFO - Started process 1965 to run task
[2022-11-30T08:12:38.349+0000] {standard_task_runner.py:82} INFO - Running: ['***', 'tasks', 'run', '_prcatice', 'success', 'manual__2022-11-30T08:12:33.362893+00:00', '--job-id', '696', '--raw', '--subdir', 'DAGS_FOLDER/practice.py', '--cfg-path', '/tmp/tmpj4x_4j7b']
[2022-11-30T08:12:38.349+0000] {standard_task_runner.py:83} INFO - Job 696: Subtask success
[2022-11-30T08:12:38.391+0000] {task_command.py:376} INFO - Running <TaskInstance: _prcatice.success manual__2022-11-30T08:12:33.362893+00:00 [running]> on host 0fcad1446026
[2022-11-30T08:12:38.434+0000] {taskinstance.py:1592} INFO - Exporting the following env vars:
AIRFLOW_CTX_DAG_OWNER=***
AIRFLOW_CTX_DAG_ID=_prcatice
AIRFLOW_CTX_TASK_ID=success
AIRFLOW_CTX_EXECUTION_DATE=2022-11-30T08:12:33.362893+00:00
AIRFLOW_CTX_TRY_NUMBER=1
AIRFLOW_CTX_DAG_RUN_ID=manual__2022-11-30T08:12:33.362893+00:00
[2022-11-30T08:12:38.434+0000] {subprocess.py:63} INFO - Tmp dir root location: 
 /tmp
[2022-11-30T08:12:38.435+0000] {subprocess.py:75} INFO - Running command: ['/bin/bash', '-c', 'echo "Success"']
[2022-11-30T08:12:38.442+0000] {subprocess.py:86} INFO - Output:
[2022-11-30T08:12:38.443+0000] {subprocess.py:93} INFO - Success
[2022-11-30T08:12:38.443+0000] {subprocess.py:97} INFO - Command exited with return code 0
[2022-11-30T08:12:38.460+0000] {taskinstance.py:1406} INFO - Marking task as SUCCESS. dag_id=_prcatice, task_id=success, execution_date=20221130T081233, start_date=20221130T081238, end_date=20221130T081238
[2022-11-30T08:12:38.482+0000] {local_task_job.py:159} INFO - Task exited with return code 0
[2022-11-30T08:12:38.494+0000] {taskinstance.py:2623} INFO - 0 downstream tasks scheduled from follow-on schedule check
