[2022-11-30T09:26:35.351+0000] {taskinstance.py:1165} INFO - Dependencies all met for <TaskInstance: pratice_pg.success manual__2022-11-30T09:26:31.588626+00:00 [queued]>
[2022-11-30T09:26:35.359+0000] {taskinstance.py:1165} INFO - Dependencies all met for <TaskInstance: pratice_pg.success manual__2022-11-30T09:26:31.588626+00:00 [queued]>
[2022-11-30T09:26:35.359+0000] {taskinstance.py:1362} INFO - 
--------------------------------------------------------------------------------
[2022-11-30T09:26:35.359+0000] {taskinstance.py:1363} INFO - Starting attempt 1 of 1
[2022-11-30T09:26:35.359+0000] {taskinstance.py:1364} INFO - 
--------------------------------------------------------------------------------
[2022-11-30T09:26:35.409+0000] {taskinstance.py:1383} INFO - Executing <Task(BashOperator): success> on 2022-11-30 09:26:31.588626+00:00
[2022-11-30T09:26:35.414+0000] {standard_task_runner.py:55} INFO - Started process 300 to run task
[2022-11-30T09:26:35.421+0000] {standard_task_runner.py:82} INFO - Running: ['***', 'tasks', 'run', 'pratice_pg', 'success', 'manual__2022-11-30T09:26:31.588626+00:00', '--job-id', '710', '--raw', '--subdir', 'DAGS_FOLDER/practice_pg.py', '--cfg-path', '/tmp/tmpjjvw9rj5']
[2022-11-30T09:26:35.422+0000] {standard_task_runner.py:83} INFO - Job 710: Subtask success
[2022-11-30T09:26:35.485+0000] {task_command.py:376} INFO - Running <TaskInstance: pratice_pg.success manual__2022-11-30T09:26:31.588626+00:00 [running]> on host 481f60569de1
[2022-11-30T09:26:35.574+0000] {taskinstance.py:1592} INFO - Exporting the following env vars:
AIRFLOW_CTX_DAG_OWNER=***
AIRFLOW_CTX_DAG_ID=pratice_pg
AIRFLOW_CTX_TASK_ID=success
AIRFLOW_CTX_EXECUTION_DATE=2022-11-30T09:26:31.588626+00:00
AIRFLOW_CTX_TRY_NUMBER=1
AIRFLOW_CTX_DAG_RUN_ID=manual__2022-11-30T09:26:31.588626+00:00
[2022-11-30T09:26:35.575+0000] {subprocess.py:63} INFO - Tmp dir root location: 
 /tmp
[2022-11-30T09:26:35.576+0000] {subprocess.py:75} INFO - Running command: ['/bin/bash', '-c', 'echo "Success"']
[2022-11-30T09:26:35.590+0000] {subprocess.py:86} INFO - Output:
[2022-11-30T09:26:35.594+0000] {subprocess.py:93} INFO - Success
[2022-11-30T09:26:35.595+0000] {subprocess.py:97} INFO - Command exited with return code 0
[2022-11-30T09:26:35.641+0000] {taskinstance.py:1406} INFO - Marking task as SUCCESS. dag_id=pratice_pg, task_id=success, execution_date=20221130T092631, start_date=20221130T092635, end_date=20221130T092635
[2022-11-30T09:26:35.721+0000] {local_task_job.py:159} INFO - Task exited with return code 0
[2022-11-30T09:26:35.732+0000] {taskinstance.py:2623} INFO - 0 downstream tasks scheduled from follow-on schedule check
