[2022-11-30T07:02:53.338+0000] {taskinstance.py:1165} INFO - Dependencies all met for <TaskInstance: first_dag.hello scheduled__2022-10-28T00:00:00+00:00 [queued]>
[2022-11-30T07:02:53.413+0000] {taskinstance.py:1165} INFO - Dependencies all met for <TaskInstance: first_dag.hello scheduled__2022-10-28T00:00:00+00:00 [queued]>
[2022-11-30T07:02:53.413+0000] {taskinstance.py:1362} INFO - 
--------------------------------------------------------------------------------
[2022-11-30T07:02:53.413+0000] {taskinstance.py:1363} INFO - Starting attempt 1 of 1
[2022-11-30T07:02:53.413+0000] {taskinstance.py:1364} INFO - 
--------------------------------------------------------------------------------
[2022-11-30T07:02:53.473+0000] {taskinstance.py:1383} INFO - Executing <Task(BashOperator): hello> on 2022-10-28 00:00:00+00:00
[2022-11-30T07:02:53.490+0000] {standard_task_runner.py:82} INFO - Running: ['***', 'tasks', 'run', 'first_dag', 'hello', 'scheduled__2022-10-28T00:00:00+00:00', '--job-id', '605', '--raw', '--subdir', 'DAGS_FOLDER/first_dag.py', '--cfg-path', '/tmp/tmpe4wovcsn']
[2022-11-30T07:02:53.491+0000] {standard_task_runner.py:83} INFO - Job 605: Subtask hello
[2022-11-30T07:02:53.475+0000] {standard_task_runner.py:55} INFO - Started process 2267 to run task
[2022-11-30T07:02:53.846+0000] {task_command.py:376} INFO - Running <TaskInstance: first_dag.hello scheduled__2022-10-28T00:00:00+00:00 [running]> on host 733208eb192a
[2022-11-30T07:02:54.238+0000] {taskinstance.py:1592} INFO - Exporting the following env vars:
AIRFLOW_CTX_DAG_OWNER=***
AIRFLOW_CTX_DAG_ID=first_dag
AIRFLOW_CTX_TASK_ID=hello
AIRFLOW_CTX_EXECUTION_DATE=2022-10-28T00:00:00+00:00
AIRFLOW_CTX_TRY_NUMBER=1
AIRFLOW_CTX_DAG_RUN_ID=scheduled__2022-10-28T00:00:00+00:00
[2022-11-30T07:02:54.241+0000] {subprocess.py:63} INFO - Tmp dir root location: 
 /tmp
[2022-11-30T07:02:54.244+0000] {subprocess.py:75} INFO - Running command: ['/bin/bash', '-c', 'echo hello']
[2022-11-30T07:02:54.334+0000] {subprocess.py:86} INFO - Output:
[2022-11-30T07:02:54.335+0000] {subprocess.py:93} INFO - hello
[2022-11-30T07:02:54.336+0000] {subprocess.py:97} INFO - Command exited with return code 0
[2022-11-30T07:02:54.443+0000] {taskinstance.py:1406} INFO - Marking task as SUCCESS. dag_id=first_dag, task_id=hello, execution_date=20221028T000000, start_date=20221130T070253, end_date=20221130T070254
[2022-11-30T07:02:54.576+0000] {local_task_job.py:159} INFO - Task exited with return code 0
[2022-11-30T07:02:54.641+0000] {taskinstance.py:2623} INFO - 1 downstream tasks scheduled from follow-on schedule check
