[2022-11-30T07:01:23.158+0000] {taskinstance.py:1165} INFO - Dependencies all met for <TaskInstance: first_dag.hello scheduled__2022-06-01T00:00:00+00:00 [queued]>
[2022-11-30T07:01:23.173+0000] {taskinstance.py:1165} INFO - Dependencies all met for <TaskInstance: first_dag.hello scheduled__2022-06-01T00:00:00+00:00 [queued]>
[2022-11-30T07:01:23.173+0000] {taskinstance.py:1362} INFO - 
--------------------------------------------------------------------------------
[2022-11-30T07:01:23.173+0000] {taskinstance.py:1363} INFO - Starting attempt 1 of 1
[2022-11-30T07:01:23.173+0000] {taskinstance.py:1364} INFO - 
--------------------------------------------------------------------------------
[2022-11-30T07:01:23.200+0000] {taskinstance.py:1383} INFO - Executing <Task(BashOperator): hello> on 2022-06-01 00:00:00+00:00
[2022-11-30T07:01:23.202+0000] {standard_task_runner.py:55} INFO - Started process 1460 to run task
[2022-11-30T07:01:23.210+0000] {standard_task_runner.py:82} INFO - Running: ['***', 'tasks', 'run', 'first_dag', 'hello', 'scheduled__2022-06-01T00:00:00+00:00', '--job-id', '310', '--raw', '--subdir', 'DAGS_FOLDER/first_dag.py', '--cfg-path', '/tmp/tmp6ow3064w']
[2022-11-30T07:01:23.211+0000] {standard_task_runner.py:83} INFO - Job 310: Subtask hello
[2022-11-30T07:01:23.361+0000] {task_command.py:376} INFO - Running <TaskInstance: first_dag.hello scheduled__2022-06-01T00:00:00+00:00 [running]> on host 733208eb192a
[2022-11-30T07:01:23.569+0000] {taskinstance.py:1592} INFO - Exporting the following env vars:
AIRFLOW_CTX_DAG_OWNER=***
AIRFLOW_CTX_DAG_ID=first_dag
AIRFLOW_CTX_TASK_ID=hello
AIRFLOW_CTX_EXECUTION_DATE=2022-06-01T00:00:00+00:00
AIRFLOW_CTX_TRY_NUMBER=1
AIRFLOW_CTX_DAG_RUN_ID=scheduled__2022-06-01T00:00:00+00:00
[2022-11-30T07:01:23.573+0000] {subprocess.py:63} INFO - Tmp dir root location: 
 /tmp
[2022-11-30T07:01:23.574+0000] {subprocess.py:75} INFO - Running command: ['/bin/bash', '-c', 'echo hello']
[2022-11-30T07:01:23.592+0000] {subprocess.py:86} INFO - Output:
[2022-11-30T07:01:23.594+0000] {subprocess.py:93} INFO - hello
[2022-11-30T07:01:23.594+0000] {subprocess.py:97} INFO - Command exited with return code 0
[2022-11-30T07:01:23.653+0000] {taskinstance.py:1406} INFO - Marking task as SUCCESS. dag_id=first_dag, task_id=hello, execution_date=20220601T000000, start_date=20221130T070123, end_date=20221130T070123
[2022-11-30T07:01:23.678+0000] {local_task_job.py:159} INFO - Task exited with return code 0
[2022-11-30T07:01:23.720+0000] {taskinstance.py:2623} INFO - 1 downstream tasks scheduled from follow-on schedule check
