[2022-11-30T11:38:39.235+0000] {taskinstance.py:1165} INFO - Dependencies all met for <TaskInstance: pratice_pg.pg_prepare manual__2022-11-30T11:38:36.752309+00:00 [queued]>
[2022-11-30T11:38:39.242+0000] {taskinstance.py:1165} INFO - Dependencies all met for <TaskInstance: pratice_pg.pg_prepare manual__2022-11-30T11:38:36.752309+00:00 [queued]>
[2022-11-30T11:38:39.243+0000] {taskinstance.py:1362} INFO - 
--------------------------------------------------------------------------------
[2022-11-30T11:38:39.243+0000] {taskinstance.py:1363} INFO - Starting attempt 1 of 1
[2022-11-30T11:38:39.243+0000] {taskinstance.py:1364} INFO - 
--------------------------------------------------------------------------------
[2022-11-30T11:38:39.250+0000] {taskinstance.py:1383} INFO - Executing <Task(_PythonDecoratedOperator): pg_prepare> on 2022-11-30 11:38:36.752309+00:00
[2022-11-30T11:38:39.253+0000] {standard_task_runner.py:55} INFO - Started process 1014 to run task
[2022-11-30T11:38:39.256+0000] {standard_task_runner.py:82} INFO - Running: ['***', 'tasks', 'run', 'pratice_pg', 'pg_prepare', 'manual__2022-11-30T11:38:36.752309+00:00', '--job-id', '754', '--raw', '--subdir', 'DAGS_FOLDER/practice_pg.py', '--cfg-path', '/tmp/tmp0w4yoda7']
[2022-11-30T11:38:39.257+0000] {standard_task_runner.py:83} INFO - Job 754: Subtask pg_prepare
[2022-11-30T11:38:39.307+0000] {task_command.py:376} INFO - Running <TaskInstance: pratice_pg.pg_prepare manual__2022-11-30T11:38:36.752309+00:00 [running]> on host 39d0f50fcfa4
[2022-11-30T11:38:39.353+0000] {taskinstance.py:1592} INFO - Exporting the following env vars:
AIRFLOW_CTX_DAG_OWNER=***
AIRFLOW_CTX_DAG_ID=pratice_pg
AIRFLOW_CTX_TASK_ID=pg_prepare
AIRFLOW_CTX_EXECUTION_DATE=2022-11-30T11:38:36.752309+00:00
AIRFLOW_CTX_TRY_NUMBER=1
AIRFLOW_CTX_DAG_RUN_ID=manual__2022-11-30T11:38:36.752309+00:00
[2022-11-30T11:38:39.359+0000] {base.py:71} INFO - Using connection ID 'pgdb' for task execution.
[2022-11-30T11:38:39.463+0000] {base.py:71} INFO - Using connection ID 'pgdb' for task execution.
[2022-11-30T11:38:39.468+0000] {python.py:177} INFO - Done. Returned value was: None
[2022-11-30T11:38:39.475+0000] {taskinstance.py:1406} INFO - Marking task as SUCCESS. dag_id=pratice_pg, task_id=pg_prepare, execution_date=20221130T113836, start_date=20221130T113839, end_date=20221130T113839
[2022-11-30T11:38:39.508+0000] {local_task_job.py:159} INFO - Task exited with return code 0
[2022-11-30T11:38:39.530+0000] {taskinstance.py:2623} INFO - 1 downstream tasks scheduled from follow-on schedule check
