[2022-11-30T10:40:20.662+0000] {taskinstance.py:1165} INFO - Dependencies all met for <TaskInstance: pratice_pg.pg_prepare manual__2022-11-30T10:40:17.781426+00:00 [queued]>
[2022-11-30T10:40:20.668+0000] {taskinstance.py:1165} INFO - Dependencies all met for <TaskInstance: pratice_pg.pg_prepare manual__2022-11-30T10:40:17.781426+00:00 [queued]>
[2022-11-30T10:40:20.668+0000] {taskinstance.py:1362} INFO - 
--------------------------------------------------------------------------------
[2022-11-30T10:40:20.668+0000] {taskinstance.py:1363} INFO - Starting attempt 1 of 1
[2022-11-30T10:40:20.668+0000] {taskinstance.py:1364} INFO - 
--------------------------------------------------------------------------------
[2022-11-30T10:40:20.675+0000] {taskinstance.py:1383} INFO - Executing <Task(_PythonDecoratedOperator): pg_prepare> on 2022-11-30 10:40:17.781426+00:00
[2022-11-30T10:40:20.679+0000] {standard_task_runner.py:55} INFO - Started process 76 to run task
[2022-11-30T10:40:20.681+0000] {standard_task_runner.py:82} INFO - Running: ['***', 'tasks', 'run', 'pratice_pg', 'pg_prepare', 'manual__2022-11-30T10:40:17.781426+00:00', '--job-id', '722', '--raw', '--subdir', 'DAGS_FOLDER/practice_pg.py', '--cfg-path', '/tmp/tmpvvqdml_s']
[2022-11-30T10:40:20.682+0000] {standard_task_runner.py:83} INFO - Job 722: Subtask pg_prepare
[2022-11-30T10:40:20.723+0000] {task_command.py:376} INFO - Running <TaskInstance: pratice_pg.pg_prepare manual__2022-11-30T10:40:17.781426+00:00 [running]> on host 481f60569de1
[2022-11-30T10:40:20.766+0000] {taskinstance.py:1592} INFO - Exporting the following env vars:
AIRFLOW_CTX_DAG_OWNER=***
AIRFLOW_CTX_DAG_ID=pratice_pg
AIRFLOW_CTX_TASK_ID=pg_prepare
AIRFLOW_CTX_EXECUTION_DATE=2022-11-30T10:40:17.781426+00:00
AIRFLOW_CTX_TRY_NUMBER=1
AIRFLOW_CTX_DAG_RUN_ID=manual__2022-11-30T10:40:17.781426+00:00
[2022-11-30T10:40:20.775+0000] {base.py:71} INFO - Using connection ID 'pgdb' for task execution.
[2022-11-30T10:40:20.892+0000] {base.py:71} INFO - Using connection ID 'pgdb' for task execution.
[2022-11-30T10:40:20.899+0000] {python.py:177} INFO - Done. Returned value was: None
[2022-11-30T10:40:20.904+0000] {taskinstance.py:1406} INFO - Marking task as SUCCESS. dag_id=pratice_pg, task_id=pg_prepare, execution_date=20221130T104017, start_date=20221130T104020, end_date=20221130T104020
[2022-11-30T10:40:20.936+0000] {local_task_job.py:159} INFO - Task exited with return code 0
[2022-11-30T10:40:20.956+0000] {taskinstance.py:2623} INFO - 1 downstream tasks scheduled from follow-on schedule check
