[2022-11-30T08:12:34.139+0000] {taskinstance.py:1165} INFO - Dependencies all met for <TaskInstance: _prcatice.download_file manual__2022-11-30T08:12:33.362893+00:00 [queued]>
[2022-11-30T08:12:34.144+0000] {taskinstance.py:1165} INFO - Dependencies all met for <TaskInstance: _prcatice.download_file manual__2022-11-30T08:12:33.362893+00:00 [queued]>
[2022-11-30T08:12:34.144+0000] {taskinstance.py:1362} INFO - 
--------------------------------------------------------------------------------
[2022-11-30T08:12:34.144+0000] {taskinstance.py:1363} INFO - Starting attempt 1 of 1
[2022-11-30T08:12:34.144+0000] {taskinstance.py:1364} INFO - 
--------------------------------------------------------------------------------
[2022-11-30T08:12:34.152+0000] {taskinstance.py:1383} INFO - Executing <Task(BashOperator): download_file> on 2022-11-30 08:12:33.362893+00:00
[2022-11-30T08:12:34.155+0000] {standard_task_runner.py:55} INFO - Started process 1954 to run task
[2022-11-30T08:12:34.157+0000] {standard_task_runner.py:82} INFO - Running: ['***', 'tasks', 'run', '_prcatice', 'download_file', 'manual__2022-11-30T08:12:33.362893+00:00', '--job-id', '692', '--raw', '--subdir', 'DAGS_FOLDER/practice.py', '--cfg-path', '/tmp/tmpw64kciht']
[2022-11-30T08:12:34.157+0000] {standard_task_runner.py:83} INFO - Job 692: Subtask download_file
[2022-11-30T08:12:34.194+0000] {task_command.py:376} INFO - Running <TaskInstance: _prcatice.download_file manual__2022-11-30T08:12:33.362893+00:00 [running]> on host 0fcad1446026
[2022-11-30T08:12:34.230+0000] {taskinstance.py:1592} INFO - Exporting the following env vars:
AIRFLOW_CTX_DAG_OWNER=***
AIRFLOW_CTX_DAG_ID=_prcatice
AIRFLOW_CTX_TASK_ID=download_file
AIRFLOW_CTX_EXECUTION_DATE=2022-11-30T08:12:33.362893+00:00
AIRFLOW_CTX_TRY_NUMBER=1
AIRFLOW_CTX_DAG_RUN_ID=manual__2022-11-30T08:12:33.362893+00:00
[2022-11-30T08:12:34.230+0000] {subprocess.py:63} INFO - Tmp dir root location: 
 /tmp
[2022-11-30T08:12:34.231+0000] {subprocess.py:75} INFO - Running command: ['/bin/bash', '-c', 'curl https://people.sc.fsu.edu/~jburkardt/data/csv/snakes_count_100.csv --output /tmp/prcatice_file.csv']
[2022-11-30T08:12:34.237+0000] {subprocess.py:86} INFO - Output:
[2022-11-30T08:12:34.241+0000] {subprocess.py:93} INFO -   % Total    % Received % Xferd  Average Speed   Time    Time     Time  Current
[2022-11-30T08:12:34.241+0000] {subprocess.py:93} INFO -                                  Dload  Upload   Total   Spent    Left  Speed
[2022-11-30T08:12:34.726+0000] {subprocess.py:93} INFO -   0     0    0     0    0     0      0      0 --:--:-- --:--:-- --:--:--     0100   723  100   723    0     0   1493      0 --:--:-- --:--:-- --:--:--  1493
[2022-11-30T08:12:34.737+0000] {subprocess.py:97} INFO - Command exited with return code 0
[2022-11-30T08:12:34.757+0000] {taskinstance.py:1406} INFO - Marking task as SUCCESS. dag_id=_prcatice, task_id=download_file, execution_date=20221130T081233, start_date=20221130T081234, end_date=20221130T081234
[2022-11-30T08:12:34.789+0000] {local_task_job.py:159} INFO - Task exited with return code 0
[2022-11-30T08:12:34.806+0000] {taskinstance.py:2623} INFO - 1 downstream tasks scheduled from follow-on schedule check
