[2022-11-30T11:16:22.361+0000] {taskinstance.py:1165} INFO - Dependencies all met for <TaskInstance: pratice_pg.processing manual__2022-11-30T11:16:15.220508+00:00 [queued]>
[2022-11-30T11:16:22.366+0000] {taskinstance.py:1165} INFO - Dependencies all met for <TaskInstance: pratice_pg.processing manual__2022-11-30T11:16:15.220508+00:00 [queued]>
[2022-11-30T11:16:22.367+0000] {taskinstance.py:1362} INFO - 
--------------------------------------------------------------------------------
[2022-11-30T11:16:22.367+0000] {taskinstance.py:1363} INFO - Starting attempt 1 of 1
[2022-11-30T11:16:22.367+0000] {taskinstance.py:1364} INFO - 
--------------------------------------------------------------------------------
[2022-11-30T11:16:22.375+0000] {taskinstance.py:1383} INFO - Executing <Task(_PythonDecoratedOperator): processing> on 2022-11-30 11:16:15.220508+00:00
[2022-11-30T11:16:22.378+0000] {standard_task_runner.py:55} INFO - Started process 85 to run task
[2022-11-30T11:16:22.380+0000] {standard_task_runner.py:82} INFO - Running: ['***', 'tasks', 'run', 'pratice_pg', 'processing', 'manual__2022-11-30T11:16:15.220508+00:00', '--job-id', '741', '--raw', '--subdir', 'DAGS_FOLDER/practice_pg.py', '--cfg-path', '/tmp/tmpx_3jg0lr']
[2022-11-30T11:16:22.382+0000] {standard_task_runner.py:83} INFO - Job 741: Subtask processing
[2022-11-30T11:16:22.425+0000] {task_command.py:376} INFO - Running <TaskInstance: pratice_pg.processing manual__2022-11-30T11:16:15.220508+00:00 [running]> on host 39d0f50fcfa4
[2022-11-30T11:16:22.470+0000] {taskinstance.py:1592} INFO - Exporting the following env vars:
AIRFLOW_CTX_DAG_OWNER=***
AIRFLOW_CTX_DAG_ID=pratice_pg
AIRFLOW_CTX_TASK_ID=processing
AIRFLOW_CTX_EXECUTION_DATE=2022-11-30T11:16:15.220508+00:00
AIRFLOW_CTX_TRY_NUMBER=1
AIRFLOW_CTX_DAG_RUN_ID=manual__2022-11-30T11:16:15.220508+00:00
[2022-11-30T11:16:22.476+0000] {base.py:71} INFO - Using connection ID 'pgdb' for task execution.
[2022-11-30T11:16:22.586+0000] {base.py:71} INFO - Using connection ID 'pgdb' for task execution.
[2022-11-30T11:16:22.605+0000] {python.py:177} INFO - Done. Returned value was: None
[2022-11-30T11:16:22.611+0000] {taskinstance.py:1406} INFO - Marking task as SUCCESS. dag_id=pratice_pg, task_id=processing, execution_date=20221130T111615, start_date=20221130T111622, end_date=20221130T111622
[2022-11-30T11:16:22.633+0000] {local_task_job.py:159} INFO - Task exited with return code 0
[2022-11-30T11:16:22.649+0000] {taskinstance.py:2623} INFO - 1 downstream tasks scheduled from follow-on schedule check
