[2022-11-30T07:01:15.895+0000] {taskinstance.py:1165} INFO - Dependencies all met for <TaskInstance: first_dag.hello scheduled__2022-05-15T00:00:00+00:00 [queued]>
[2022-11-30T07:01:15.902+0000] {taskinstance.py:1165} INFO - Dependencies all met for <TaskInstance: first_dag.hello scheduled__2022-05-15T00:00:00+00:00 [queued]>
[2022-11-30T07:01:15.902+0000] {taskinstance.py:1362} INFO - 
--------------------------------------------------------------------------------
[2022-11-30T07:01:15.902+0000] {taskinstance.py:1363} INFO - Starting attempt 1 of 1
[2022-11-30T07:01:15.902+0000] {taskinstance.py:1364} INFO - 
--------------------------------------------------------------------------------
[2022-11-30T07:01:15.912+0000] {taskinstance.py:1383} INFO - Executing <Task(BashOperator): hello> on 2022-05-15 00:00:00+00:00
[2022-11-30T07:01:15.914+0000] {standard_task_runner.py:55} INFO - Started process 1367 to run task
[2022-11-30T07:01:15.919+0000] {standard_task_runner.py:82} INFO - Running: ['***', 'tasks', 'run', 'first_dag', 'hello', 'scheduled__2022-05-15T00:00:00+00:00', '--job-id', '277', '--raw', '--subdir', 'DAGS_FOLDER/first_dag.py', '--cfg-path', '/tmp/tmpft0qsisv']
[2022-11-30T07:01:15.920+0000] {standard_task_runner.py:83} INFO - Job 277: Subtask hello
[2022-11-30T07:01:16.060+0000] {task_command.py:376} INFO - Running <TaskInstance: first_dag.hello scheduled__2022-05-15T00:00:00+00:00 [running]> on host 733208eb192a
[2022-11-30T07:01:16.226+0000] {taskinstance.py:1592} INFO - Exporting the following env vars:
AIRFLOW_CTX_DAG_OWNER=***
AIRFLOW_CTX_DAG_ID=first_dag
AIRFLOW_CTX_TASK_ID=hello
AIRFLOW_CTX_EXECUTION_DATE=2022-05-15T00:00:00+00:00
AIRFLOW_CTX_TRY_NUMBER=1
AIRFLOW_CTX_DAG_RUN_ID=scheduled__2022-05-15T00:00:00+00:00
[2022-11-30T07:01:16.229+0000] {subprocess.py:63} INFO - Tmp dir root location: 
 /tmp
[2022-11-30T07:01:16.231+0000] {subprocess.py:75} INFO - Running command: ['/bin/bash', '-c', 'echo hello']
[2022-11-30T07:01:16.267+0000] {subprocess.py:86} INFO - Output:
[2022-11-30T07:01:16.270+0000] {subprocess.py:93} INFO - hello
[2022-11-30T07:01:16.271+0000] {subprocess.py:97} INFO - Command exited with return code 0
[2022-11-30T07:01:16.313+0000] {taskinstance.py:1406} INFO - Marking task as SUCCESS. dag_id=first_dag, task_id=hello, execution_date=20220515T000000, start_date=20221130T070115, end_date=20221130T070116
[2022-11-30T07:01:16.398+0000] {local_task_job.py:159} INFO - Task exited with return code 0
[2022-11-30T07:01:16.469+0000] {taskinstance.py:2623} INFO - 0 downstream tasks scheduled from follow-on schedule check
