[2022-11-30T07:40:12.831+0000] {taskinstance.py:1165} INFO - Dependencies all met for <TaskInstance: _prcatice.download_file manual__2022-11-30T07:40:11.658281+00:00 [queued]>
[2022-11-30T07:40:12.838+0000] {taskinstance.py:1165} INFO - Dependencies all met for <TaskInstance: _prcatice.download_file manual__2022-11-30T07:40:11.658281+00:00 [queued]>
[2022-11-30T07:40:12.839+0000] {taskinstance.py:1362} INFO - 
--------------------------------------------------------------------------------
[2022-11-30T07:40:12.839+0000] {taskinstance.py:1363} INFO - Starting attempt 1 of 1
[2022-11-30T07:40:12.839+0000] {taskinstance.py:1364} INFO - 
--------------------------------------------------------------------------------
[2022-11-30T07:40:12.850+0000] {taskinstance.py:1383} INFO - Executing <Task(BashOperator): download_file> on 2022-11-30 07:40:11.658281+00:00
[2022-11-30T07:40:12.853+0000] {standard_task_runner.py:55} INFO - Started process 278 to run task
[2022-11-30T07:40:12.855+0000] {standard_task_runner.py:82} INFO - Running: ['***', 'tasks', 'run', '_prcatice', 'download_file', 'manual__2022-11-30T07:40:11.658281+00:00', '--job-id', '680', '--raw', '--subdir', 'DAGS_FOLDER/practice.py', '--cfg-path', '/tmp/tmpd6qkzdjl']
[2022-11-30T07:40:12.856+0000] {standard_task_runner.py:83} INFO - Job 680: Subtask download_file
[2022-11-30T07:40:12.949+0000] {task_command.py:376} INFO - Running <TaskInstance: _prcatice.download_file manual__2022-11-30T07:40:11.658281+00:00 [running]> on host 0fcad1446026
[2022-11-30T07:40:13.003+0000] {taskinstance.py:1592} INFO - Exporting the following env vars:
AIRFLOW_CTX_DAG_OWNER=***
AIRFLOW_CTX_DAG_ID=_prcatice
AIRFLOW_CTX_TASK_ID=download_file
AIRFLOW_CTX_EXECUTION_DATE=2022-11-30T07:40:11.658281+00:00
AIRFLOW_CTX_TRY_NUMBER=1
AIRFLOW_CTX_DAG_RUN_ID=manual__2022-11-30T07:40:11.658281+00:00
[2022-11-30T07:40:13.004+0000] {subprocess.py:63} INFO - Tmp dir root location: 
 /tmp
[2022-11-30T07:40:13.004+0000] {subprocess.py:75} INFO - Running command: ['/bin/bash', '-c', 'curl https://people.sc.fsu.edu/~jburkardt/data/csv/snakes_count_100.csv --output /tmp/prcatice_file.csv']
[2022-11-30T07:40:13.014+0000] {subprocess.py:86} INFO - Output:
[2022-11-30T07:40:13.107+0000] {subprocess.py:93} INFO -   % Total    % Received % Xferd  Average Speed   Time    Time     Time  Current
[2022-11-30T07:40:13.108+0000] {subprocess.py:93} INFO -                                  Dload  Upload   Total   Spent    Left  Speed
[2022-11-30T07:40:13.602+0000] {subprocess.py:93} INFO -   0     0    0     0    0     0      0      0 --:--:-- --:--:-- --:--:--     0100   723  100   723    0     0   1475      0 --:--:-- --:--:-- --:--:--  1475
[2022-11-30T07:40:13.604+0000] {subprocess.py:97} INFO - Command exited with return code 0
[2022-11-30T07:40:13.621+0000] {taskinstance.py:1406} INFO - Marking task as SUCCESS. dag_id=_prcatice, task_id=download_file, execution_date=20221130T074011, start_date=20221130T074012, end_date=20221130T074013
[2022-11-30T07:40:13.670+0000] {local_task_job.py:159} INFO - Task exited with return code 0
[2022-11-30T07:40:13.684+0000] {taskinstance.py:2623} INFO - 1 downstream tasks scheduled from follow-on schedule check
