[2022-11-30T07:00:53.134+0000] {taskinstance.py:1165} INFO - Dependencies all met for <TaskInstance: first_dag.world scheduled__2022-04-05T00:00:00+00:00 [queued]>
[2022-11-30T07:00:53.154+0000] {taskinstance.py:1165} INFO - Dependencies all met for <TaskInstance: first_dag.world scheduled__2022-04-05T00:00:00+00:00 [queued]>
[2022-11-30T07:00:53.154+0000] {taskinstance.py:1362} INFO - 
--------------------------------------------------------------------------------
[2022-11-30T07:00:53.154+0000] {taskinstance.py:1363} INFO - Starting attempt 1 of 1
[2022-11-30T07:00:53.154+0000] {taskinstance.py:1364} INFO - 
--------------------------------------------------------------------------------
[2022-11-30T07:00:53.198+0000] {taskinstance.py:1383} INFO - Executing <Task(PythonOperator): world> on 2022-04-05 00:00:00+00:00
[2022-11-30T07:00:53.202+0000] {standard_task_runner.py:55} INFO - Started process 1175 to run task
[2022-11-30T07:00:53.217+0000] {standard_task_runner.py:82} INFO - Running: ['***', 'tasks', 'run', 'first_dag', 'world', 'scheduled__2022-04-05T00:00:00+00:00', '--job-id', '205', '--raw', '--subdir', 'DAGS_FOLDER/first_dag.py', '--cfg-path', '/tmp/tmp8s08usi7']
[2022-11-30T07:00:53.217+0000] {standard_task_runner.py:83} INFO - Job 205: Subtask world
[2022-11-30T07:00:53.348+0000] {task_command.py:376} INFO - Running <TaskInstance: first_dag.world scheduled__2022-04-05T00:00:00+00:00 [running]> on host 733208eb192a
[2022-11-30T07:00:53.466+0000] {taskinstance.py:1592} INFO - Exporting the following env vars:
AIRFLOW_CTX_DAG_OWNER=***
AIRFLOW_CTX_DAG_ID=first_dag
AIRFLOW_CTX_TASK_ID=world
AIRFLOW_CTX_EXECUTION_DATE=2022-04-05T00:00:00+00:00
AIRFLOW_CTX_TRY_NUMBER=1
AIRFLOW_CTX_DAG_RUN_ID=scheduled__2022-04-05T00:00:00+00:00
[2022-11-30T07:00:53.472+0000] {logging_mixin.py:137} INFO - Hello!
[2022-11-30T07:00:53.472+0000] {python.py:177} INFO - Done. Returned value was: None
[2022-11-30T07:00:53.502+0000] {taskinstance.py:1406} INFO - Marking task as SUCCESS. dag_id=first_dag, task_id=world, execution_date=20220405T000000, start_date=20221130T070053, end_date=20221130T070053
[2022-11-30T07:00:53.545+0000] {local_task_job.py:159} INFO - Task exited with return code 0
[2022-11-30T07:00:53.559+0000] {taskinstance.py:2623} INFO - 0 downstream tasks scheduled from follow-on schedule check
