[2022-11-30T07:03:00.593+0000] {taskinstance.py:1165} INFO - Dependencies all met for <TaskInstance: first_dag.hello scheduled__2022-11-12T00:00:00+00:00 [queued]>
[2022-11-30T07:03:00.621+0000] {taskinstance.py:1165} INFO - Dependencies all met for <TaskInstance: first_dag.hello scheduled__2022-11-12T00:00:00+00:00 [queued]>
[2022-11-30T07:03:00.622+0000] {taskinstance.py:1362} INFO - 
--------------------------------------------------------------------------------
[2022-11-30T07:03:00.623+0000] {taskinstance.py:1363} INFO - Starting attempt 1 of 1
[2022-11-30T07:03:00.623+0000] {taskinstance.py:1364} INFO - 
--------------------------------------------------------------------------------
[2022-11-30T07:03:00.708+0000] {taskinstance.py:1383} INFO - Executing <Task(BashOperator): hello> on 2022-11-12 00:00:00+00:00
[2022-11-30T07:03:00.710+0000] {standard_task_runner.py:55} INFO - Started process 2341 to run task
[2022-11-30T07:03:00.777+0000] {standard_task_runner.py:82} INFO - Running: ['***', 'tasks', 'run', 'first_dag', 'hello', 'scheduled__2022-11-12T00:00:00+00:00', '--job-id', '635', '--raw', '--subdir', 'DAGS_FOLDER/first_dag.py', '--cfg-path', '/tmp/tmp9dv3_pqd']
[2022-11-30T07:03:00.777+0000] {standard_task_runner.py:83} INFO - Job 635: Subtask hello
[2022-11-30T07:03:00.978+0000] {task_command.py:376} INFO - Running <TaskInstance: first_dag.hello scheduled__2022-11-12T00:00:00+00:00 [running]> on host 733208eb192a
[2022-11-30T07:03:01.178+0000] {taskinstance.py:1592} INFO - Exporting the following env vars:
AIRFLOW_CTX_DAG_OWNER=***
AIRFLOW_CTX_DAG_ID=first_dag
AIRFLOW_CTX_TASK_ID=hello
AIRFLOW_CTX_EXECUTION_DATE=2022-11-12T00:00:00+00:00
AIRFLOW_CTX_TRY_NUMBER=1
AIRFLOW_CTX_DAG_RUN_ID=scheduled__2022-11-12T00:00:00+00:00
[2022-11-30T07:03:01.179+0000] {subprocess.py:63} INFO - Tmp dir root location: 
 /tmp
[2022-11-30T07:03:01.179+0000] {subprocess.py:75} INFO - Running command: ['/bin/bash', '-c', 'echo hello']
[2022-11-30T07:03:01.199+0000] {subprocess.py:86} INFO - Output:
[2022-11-30T07:03:01.199+0000] {subprocess.py:93} INFO - hello
[2022-11-30T07:03:01.199+0000] {subprocess.py:97} INFO - Command exited with return code 0
[2022-11-30T07:03:01.277+0000] {taskinstance.py:1406} INFO - Marking task as SUCCESS. dag_id=first_dag, task_id=hello, execution_date=20221112T000000, start_date=20221130T070300, end_date=20221130T070301
[2022-11-30T07:03:01.312+0000] {local_task_job.py:159} INFO - Task exited with return code 0
[2022-11-30T07:03:01.335+0000] {taskinstance.py:2623} INFO - 1 downstream tasks scheduled from follow-on schedule check
