[2022-11-30T11:16:19.541+0000] {taskinstance.py:1165} INFO - Dependencies all met for <TaskInstance: pratice_pg.pg_prepare manual__2022-11-30T11:16:15.220508+00:00 [queued]>
[2022-11-30T11:16:19.548+0000] {taskinstance.py:1165} INFO - Dependencies all met for <TaskInstance: pratice_pg.pg_prepare manual__2022-11-30T11:16:15.220508+00:00 [queued]>
[2022-11-30T11:16:19.548+0000] {taskinstance.py:1362} INFO - 
--------------------------------------------------------------------------------
[2022-11-30T11:16:19.548+0000] {taskinstance.py:1363} INFO - Starting attempt 1 of 1
[2022-11-30T11:16:19.548+0000] {taskinstance.py:1364} INFO - 
--------------------------------------------------------------------------------
[2022-11-30T11:16:19.556+0000] {taskinstance.py:1383} INFO - Executing <Task(_PythonDecoratedOperator): pg_prepare> on 2022-11-30 11:16:15.220508+00:00
[2022-11-30T11:16:19.559+0000] {standard_task_runner.py:55} INFO - Started process 76 to run task
[2022-11-30T11:16:19.561+0000] {standard_task_runner.py:82} INFO - Running: ['***', 'tasks', 'run', 'pratice_pg', 'pg_prepare', 'manual__2022-11-30T11:16:15.220508+00:00', '--job-id', '738', '--raw', '--subdir', 'DAGS_FOLDER/practice_pg.py', '--cfg-path', '/tmp/tmp8ira4g7r']
[2022-11-30T11:16:19.562+0000] {standard_task_runner.py:83} INFO - Job 738: Subtask pg_prepare
[2022-11-30T11:16:19.599+0000] {task_command.py:376} INFO - Running <TaskInstance: pratice_pg.pg_prepare manual__2022-11-30T11:16:15.220508+00:00 [running]> on host 39d0f50fcfa4
[2022-11-30T11:16:19.636+0000] {taskinstance.py:1592} INFO - Exporting the following env vars:
AIRFLOW_CTX_DAG_OWNER=***
AIRFLOW_CTX_DAG_ID=pratice_pg
AIRFLOW_CTX_TASK_ID=pg_prepare
AIRFLOW_CTX_EXECUTION_DATE=2022-11-30T11:16:15.220508+00:00
AIRFLOW_CTX_TRY_NUMBER=1
AIRFLOW_CTX_DAG_RUN_ID=manual__2022-11-30T11:16:15.220508+00:00
[2022-11-30T11:16:19.642+0000] {base.py:71} INFO - Using connection ID 'pgdb' for task execution.
[2022-11-30T11:16:19.748+0000] {base.py:71} INFO - Using connection ID 'pgdb' for task execution.
[2022-11-30T11:16:19.755+0000] {python.py:177} INFO - Done. Returned value was: None
[2022-11-30T11:16:19.760+0000] {taskinstance.py:1406} INFO - Marking task as SUCCESS. dag_id=pratice_pg, task_id=pg_prepare, execution_date=20221130T111615, start_date=20221130T111619, end_date=20221130T111619
[2022-11-30T11:16:19.774+0000] {local_task_job.py:159} INFO - Task exited with return code 0
[2022-11-30T11:16:19.793+0000] {taskinstance.py:2623} INFO - 1 downstream tasks scheduled from follow-on schedule check
