[2022-11-30T08:12:37.260+0000] {taskinstance.py:1165} INFO - Dependencies all met for <TaskInstance: _prcatice.move_file manual__2022-11-30T08:12:33.362893+00:00 [queued]>
[2022-11-30T08:12:37.267+0000] {taskinstance.py:1165} INFO - Dependencies all met for <TaskInstance: _prcatice.move_file manual__2022-11-30T08:12:33.362893+00:00 [queued]>
[2022-11-30T08:12:37.267+0000] {taskinstance.py:1362} INFO - 
--------------------------------------------------------------------------------
[2022-11-30T08:12:37.267+0000] {taskinstance.py:1363} INFO - Starting attempt 1 of 1
[2022-11-30T08:12:37.267+0000] {taskinstance.py:1364} INFO - 
--------------------------------------------------------------------------------
[2022-11-30T08:12:37.275+0000] {taskinstance.py:1383} INFO - Executing <Task(BashOperator): move_file> on 2022-11-30 08:12:33.362893+00:00
[2022-11-30T08:12:37.278+0000] {standard_task_runner.py:55} INFO - Started process 1962 to run task
[2022-11-30T08:12:37.282+0000] {standard_task_runner.py:82} INFO - Running: ['***', 'tasks', 'run', '_prcatice', 'move_file', 'manual__2022-11-30T08:12:33.362893+00:00', '--job-id', '695', '--raw', '--subdir', 'DAGS_FOLDER/practice.py', '--cfg-path', '/tmp/tmpq9h0kkvr']
[2022-11-30T08:12:37.282+0000] {standard_task_runner.py:83} INFO - Job 695: Subtask move_file
[2022-11-30T08:12:37.326+0000] {task_command.py:376} INFO - Running <TaskInstance: _prcatice.move_file manual__2022-11-30T08:12:33.362893+00:00 [running]> on host 0fcad1446026
[2022-11-30T08:12:37.380+0000] {taskinstance.py:1592} INFO - Exporting the following env vars:
AIRFLOW_CTX_DAG_OWNER=***
AIRFLOW_CTX_DAG_ID=_prcatice
AIRFLOW_CTX_TASK_ID=move_file
AIRFLOW_CTX_EXECUTION_DATE=2022-11-30T08:12:33.362893+00:00
AIRFLOW_CTX_TRY_NUMBER=1
AIRFLOW_CTX_DAG_RUN_ID=manual__2022-11-30T08:12:33.362893+00:00
[2022-11-30T08:12:37.381+0000] {subprocess.py:63} INFO - Tmp dir root location: 
 /tmp
[2022-11-30T08:12:37.382+0000] {subprocess.py:75} INFO - Running command: ['/bin/bash', '-c', 'mv /tmp/prcatice_file.csv /opt/***/dags/result.csv']
[2022-11-30T08:12:37.390+0000] {subprocess.py:86} INFO - Output:
[2022-11-30T08:12:37.392+0000] {subprocess.py:97} INFO - Command exited with return code 0
[2022-11-30T08:12:37.409+0000] {taskinstance.py:1406} INFO - Marking task as SUCCESS. dag_id=_prcatice, task_id=move_file, execution_date=20221130T081233, start_date=20221130T081237, end_date=20221130T081237
[2022-11-30T08:12:37.453+0000] {local_task_job.py:159} INFO - Task exited with return code 0
[2022-11-30T08:12:37.467+0000] {taskinstance.py:2623} INFO - 1 downstream tasks scheduled from follow-on schedule check
