[2022-11-30T07:00:18.706+0000] {taskinstance.py:1165} INFO - Dependencies all met for <TaskInstance: first_dag.hello scheduled__2022-02-13T00:00:00+00:00 [queued]>
[2022-11-30T07:00:18.713+0000] {taskinstance.py:1165} INFO - Dependencies all met for <TaskInstance: first_dag.hello scheduled__2022-02-13T00:00:00+00:00 [queued]>
[2022-11-30T07:00:18.713+0000] {taskinstance.py:1362} INFO - 
--------------------------------------------------------------------------------
[2022-11-30T07:00:18.713+0000] {taskinstance.py:1363} INFO - Starting attempt 1 of 1
[2022-11-30T07:00:18.713+0000] {taskinstance.py:1364} INFO - 
--------------------------------------------------------------------------------
[2022-11-30T07:00:18.726+0000] {taskinstance.py:1383} INFO - Executing <Task(BashOperator): hello> on 2022-02-13 00:00:00+00:00
[2022-11-30T07:00:18.729+0000] {standard_task_runner.py:55} INFO - Started process 864 to run task
[2022-11-30T07:00:18.734+0000] {standard_task_runner.py:82} INFO - Running: ['***', 'tasks', 'run', 'first_dag', 'hello', 'scheduled__2022-02-13T00:00:00+00:00', '--job-id', '93', '--raw', '--subdir', 'DAGS_FOLDER/first_dag.py', '--cfg-path', '/tmp/tmp5vtdnyy5']
[2022-11-30T07:00:18.734+0000] {standard_task_runner.py:83} INFO - Job 93: Subtask hello
[2022-11-30T07:00:18.820+0000] {task_command.py:376} INFO - Running <TaskInstance: first_dag.hello scheduled__2022-02-13T00:00:00+00:00 [running]> on host 733208eb192a
[2022-11-30T07:00:18.902+0000] {taskinstance.py:1592} INFO - Exporting the following env vars:
AIRFLOW_CTX_DAG_OWNER=***
AIRFLOW_CTX_DAG_ID=first_dag
AIRFLOW_CTX_TASK_ID=hello
AIRFLOW_CTX_EXECUTION_DATE=2022-02-13T00:00:00+00:00
AIRFLOW_CTX_TRY_NUMBER=1
AIRFLOW_CTX_DAG_RUN_ID=scheduled__2022-02-13T00:00:00+00:00
[2022-11-30T07:00:18.903+0000] {subprocess.py:63} INFO - Tmp dir root location: 
 /tmp
[2022-11-30T07:00:18.903+0000] {subprocess.py:75} INFO - Running command: ['/bin/bash', '-c', 'echo hello']
[2022-11-30T07:00:18.948+0000] {subprocess.py:86} INFO - Output:
[2022-11-30T07:00:18.956+0000] {subprocess.py:93} INFO - hello
[2022-11-30T07:00:18.956+0000] {subprocess.py:97} INFO - Command exited with return code 0
[2022-11-30T07:00:18.975+0000] {taskinstance.py:1406} INFO - Marking task as SUCCESS. dag_id=first_dag, task_id=hello, execution_date=20220213T000000, start_date=20221130T070018, end_date=20221130T070018
[2022-11-30T07:00:18.987+0000] {local_task_job.py:159} INFO - Task exited with return code 0
[2022-11-30T07:00:19.004+0000] {taskinstance.py:2623} INFO - 1 downstream tasks scheduled from follow-on schedule check
