[2022-11-29T12:18:11.890+0000] {taskinstance.py:1165} INFO - Dependencies all met for <TaskInstance: dataset_consumes_1.consuming_1 dataset_triggered__2022-11-29T12:18:11.101744+00:00 [queued]>
[2022-11-29T12:18:11.899+0000] {taskinstance.py:1165} INFO - Dependencies all met for <TaskInstance: dataset_consumes_1.consuming_1 dataset_triggered__2022-11-29T12:18:11.101744+00:00 [queued]>
[2022-11-29T12:18:11.899+0000] {taskinstance.py:1362} INFO - 
--------------------------------------------------------------------------------
[2022-11-29T12:18:11.899+0000] {taskinstance.py:1363} INFO - Starting attempt 1 of 1
[2022-11-29T12:18:11.899+0000] {taskinstance.py:1364} INFO - 
--------------------------------------------------------------------------------
[2022-11-29T12:18:11.907+0000] {taskinstance.py:1383} INFO - Executing <Task(BashOperator): consuming_1> on 2022-11-29 12:18:11.101744+00:00
[2022-11-29T12:18:11.909+0000] {standard_task_runner.py:55} INFO - Started process 238 to run task
[2022-11-29T12:18:11.911+0000] {standard_task_runner.py:82} INFO - Running: ['***', 'tasks', 'run', 'dataset_consumes_1', 'consuming_1', 'dataset_triggered__2022-11-29T12:18:11.101744+00:00', '--job-id', '6', '--raw', '--subdir', '/home/***/.local/lib/python3.7/site-packages/***/example_dags/example_datasets.py', '--cfg-path', '/tmp/tmp5fi1ce5z']
[2022-11-29T12:18:11.912+0000] {standard_task_runner.py:83} INFO - Job 6: Subtask consuming_1
[2022-11-29T12:18:11.945+0000] {task_command.py:376} INFO - Running <TaskInstance: dataset_consumes_1.consuming_1 dataset_triggered__2022-11-29T12:18:11.101744+00:00 [running]> on host 733208eb192a
[2022-11-29T12:18:11.980+0000] {taskinstance.py:1592} INFO - Exporting the following env vars:
AIRFLOW_CTX_DAG_OWNER=***
AIRFLOW_CTX_DAG_ID=dataset_consumes_1
AIRFLOW_CTX_TASK_ID=consuming_1
AIRFLOW_CTX_EXECUTION_DATE=2022-11-29T12:18:11.101744+00:00
AIRFLOW_CTX_TRY_NUMBER=1
AIRFLOW_CTX_DAG_RUN_ID=dataset_triggered__2022-11-29T12:18:11.101744+00:00
[2022-11-29T12:18:11.981+0000] {subprocess.py:63} INFO - Tmp dir root location: 
 /tmp
[2022-11-29T12:18:11.981+0000] {subprocess.py:75} INFO - Running command: ['/bin/bash', '-c', 'sleep 5']
[2022-11-29T12:18:11.986+0000] {subprocess.py:86} INFO - Output:
[2022-11-29T12:18:16.993+0000] {subprocess.py:97} INFO - Command exited with return code 0
[2022-11-29T12:18:17.003+0000] {warnings.py:110} WARNING - /home/***/.local/lib/python3.7/site-packages/***/models/baseoperator.py:1390: RemovedInAirflow3Warning: Passing 'execution_date' to 'TaskInstance.xcom_push()' is deprecated.
  context['ti'].xcom_push(key=key, value=value, execution_date=execution_date)

[2022-11-29T12:18:17.012+0000] {taskinstance.py:1406} INFO - Marking task as SUCCESS. dag_id=dataset_consumes_1, task_id=consuming_1, execution_date=20221129T121811, start_date=20221129T121811, end_date=20221129T121817
[2022-11-29T12:18:17.045+0000] {local_task_job.py:159} INFO - Task exited with return code 0
[2022-11-29T12:18:17.055+0000] {taskinstance.py:2623} INFO - 0 downstream tasks scheduled from follow-on schedule check
