[2022-11-30T07:00:57.340+0000] {taskinstance.py:1165} INFO - Dependencies all met for <TaskInstance: first_dag.hello scheduled__2022-04-19T00:00:00+00:00 [queued]>
[2022-11-30T07:00:57.356+0000] {taskinstance.py:1165} INFO - Dependencies all met for <TaskInstance: first_dag.hello scheduled__2022-04-19T00:00:00+00:00 [queued]>
[2022-11-30T07:00:57.356+0000] {taskinstance.py:1362} INFO - 
--------------------------------------------------------------------------------
[2022-11-30T07:00:57.356+0000] {taskinstance.py:1363} INFO - Starting attempt 1 of 1
[2022-11-30T07:00:57.356+0000] {taskinstance.py:1364} INFO - 
--------------------------------------------------------------------------------
[2022-11-30T07:00:57.382+0000] {taskinstance.py:1383} INFO - Executing <Task(BashOperator): hello> on 2022-04-19 00:00:00+00:00
[2022-11-30T07:00:57.385+0000] {standard_task_runner.py:55} INFO - Started process 1212 to run task
[2022-11-30T07:00:57.388+0000] {standard_task_runner.py:82} INFO - Running: ['***', 'tasks', 'run', 'first_dag', 'hello', 'scheduled__2022-04-19T00:00:00+00:00', '--job-id', '220', '--raw', '--subdir', 'DAGS_FOLDER/first_dag.py', '--cfg-path', '/tmp/tmpjhp_t099']
[2022-11-30T07:00:57.388+0000] {standard_task_runner.py:83} INFO - Job 220: Subtask hello
[2022-11-30T07:00:57.457+0000] {task_command.py:376} INFO - Running <TaskInstance: first_dag.hello scheduled__2022-04-19T00:00:00+00:00 [running]> on host 733208eb192a
[2022-11-30T07:00:57.605+0000] {taskinstance.py:1592} INFO - Exporting the following env vars:
AIRFLOW_CTX_DAG_OWNER=***
AIRFLOW_CTX_DAG_ID=first_dag
AIRFLOW_CTX_TASK_ID=hello
AIRFLOW_CTX_EXECUTION_DATE=2022-04-19T00:00:00+00:00
AIRFLOW_CTX_TRY_NUMBER=1
AIRFLOW_CTX_DAG_RUN_ID=scheduled__2022-04-19T00:00:00+00:00
[2022-11-30T07:00:57.605+0000] {subprocess.py:63} INFO - Tmp dir root location: 
 /tmp
[2022-11-30T07:00:57.606+0000] {subprocess.py:75} INFO - Running command: ['/bin/bash', '-c', 'echo hello']
[2022-11-30T07:00:57.676+0000] {subprocess.py:86} INFO - Output:
[2022-11-30T07:00:57.678+0000] {subprocess.py:93} INFO - hello
[2022-11-30T07:00:57.684+0000] {subprocess.py:97} INFO - Command exited with return code 0
[2022-11-30T07:00:57.717+0000] {taskinstance.py:1406} INFO - Marking task as SUCCESS. dag_id=first_dag, task_id=hello, execution_date=20220419T000000, start_date=20221130T070057, end_date=20221130T070057
[2022-11-30T07:00:57.767+0000] {local_task_job.py:159} INFO - Task exited with return code 0
[2022-11-30T07:00:57.811+0000] {taskinstance.py:2623} INFO - 1 downstream tasks scheduled from follow-on schedule check
