[2022-11-30T08:12:35.296+0000] {taskinstance.py:1165} INFO - Dependencies all met for <TaskInstance: _prcatice.lines_counter manual__2022-11-30T08:12:33.362893+00:00 [queued]>
[2022-11-30T08:12:35.303+0000] {taskinstance.py:1165} INFO - Dependencies all met for <TaskInstance: _prcatice.lines_counter manual__2022-11-30T08:12:33.362893+00:00 [queued]>
[2022-11-30T08:12:35.303+0000] {taskinstance.py:1362} INFO - 
--------------------------------------------------------------------------------
[2022-11-30T08:12:35.303+0000] {taskinstance.py:1363} INFO - Starting attempt 1 of 1
[2022-11-30T08:12:35.303+0000] {taskinstance.py:1364} INFO - 
--------------------------------------------------------------------------------
[2022-11-30T08:12:35.311+0000] {taskinstance.py:1383} INFO - Executing <Task(_PythonDecoratedOperator): lines_counter> on 2022-11-30 08:12:33.362893+00:00
[2022-11-30T08:12:35.313+0000] {standard_task_runner.py:55} INFO - Started process 1958 to run task
[2022-11-30T08:12:35.316+0000] {standard_task_runner.py:82} INFO - Running: ['***', 'tasks', 'run', '_prcatice', 'lines_counter', 'manual__2022-11-30T08:12:33.362893+00:00', '--job-id', '693', '--raw', '--subdir', 'DAGS_FOLDER/practice.py', '--cfg-path', '/tmp/tmpsdee1761']
[2022-11-30T08:12:35.316+0000] {standard_task_runner.py:83} INFO - Job 693: Subtask lines_counter
[2022-11-30T08:12:35.360+0000] {task_command.py:376} INFO - Running <TaskInstance: _prcatice.lines_counter manual__2022-11-30T08:12:33.362893+00:00 [running]> on host 0fcad1446026
[2022-11-30T08:12:35.405+0000] {taskinstance.py:1592} INFO - Exporting the following env vars:
AIRFLOW_CTX_DAG_OWNER=***
AIRFLOW_CTX_DAG_ID=_prcatice
AIRFLOW_CTX_TASK_ID=lines_counter
AIRFLOW_CTX_EXECUTION_DATE=2022-11-30T08:12:33.362893+00:00
AIRFLOW_CTX_TRY_NUMBER=1
AIRFLOW_CTX_DAG_RUN_ID=manual__2022-11-30T08:12:33.362893+00:00
[2022-11-30T08:12:35.413+0000] {python.py:177} INFO - Done. Returned value was: None
[2022-11-30T08:12:35.422+0000] {taskinstance.py:1406} INFO - Marking task as SUCCESS. dag_id=_prcatice, task_id=lines_counter, execution_date=20221130T081233, start_date=20221130T081235, end_date=20221130T081235
[2022-11-30T08:12:35.448+0000] {local_task_job.py:159} INFO - Task exited with return code 0
[2022-11-30T08:12:35.468+0000] {taskinstance.py:2623} INFO - 1 downstream tasks scheduled from follow-on schedule check
